<?xml version="1.0" encoding="UTF-8"?>
<!-- Generated by org.testng.reporters.JUnitXMLReporter -->
<testsuite hostname="Brijiths-MBP.hsd1.ca.comcast.net" name="Data Validation tests" tests="16" failures="0" timestamp="22 Apr 2016 09:44:54 GMT" time="3.445" errors="0">
  <testcase name="addAGoalAndValidateTheDataLoad" time="2.072" classname="testcases.DataValidationTests"/>
  <testcase name="addAGoalWithAllFieldsAndValidateTheDataLoad" time="0.161" classname="testcases.DataValidationTests"/>
  <testcase name="addAGoalWithFewFieldsAndValidateTheDataLoad" time="0.089" classname="testcases.DataValidationTests"/>
  <testcase name="addAGoalWithNoFieldsAndValidateTheDataLoad" time="0.067" classname="testcases.DataValidationTests"/>
  <testcase name="addMultipleGoalsInDifferentPostCallsAndValidateTheDataLoad" time="0.061" classname="testcases.DataValidationTests"/>
  <testcase name="addMultipleGoalsInDifferentPostCallsAndValidateTheDataLoad" time="0.08" classname="testcases.DataValidationTests"/>
  <testcase name="addMultipleGoalsInDifferentPostCallsAndValidateTheDataLoad" time="0.06" classname="testcases.DataValidationTests"/>
  <testcase name="addMultipleGoalsInDifferentPostCallsAndValidateTheDataLoad" time="0.084" classname="testcases.DataValidationTests"/>
  <testcase name="addMultipleGoalsInDifferentPostCallsAndValidateTheDataLoad" time="0.055" classname="testcases.DataValidationTests"/>
  <testcase name="addMultipleGoalsInDifferentPostCallsAndValidateTheDataLoad" time="0.055" classname="testcases.DataValidationTests"/>
  <testcase name="addMultipleGoalsInDifferentPostCallsAndValidateTheDataLoad" time="0.047" classname="testcases.DataValidationTests"/>
  <testcase name="addMultipleGoalsInDifferentPostCallsAndValidateTheDataLoad" time="0.05" classname="testcases.DataValidationTests"/>
  <testcase name="addMultipleGoalsInDifferentPostCallsAndValidateTheDataLoad" time="0.048" classname="testcases.DataValidationTests"/>
  <testcase name="addMultipleGoalsInDifferentPostCallsAndValidateTheDataLoad" time="0.046" classname="testcases.DataValidationTests"/>
  <testcase name="retriveAllTheGoalsAndVerifyIfAllTheIDsareUnique" time="0.029" classname="testcases.DataValidationTests"/>
  <testcase name="retriveAllTheGoalsAndVerifyTheSizeOfResponse" time="0.036" classname="testcases.DataValidationTests"/>
</testsuite> <!-- Data Validation tests -->
