<?xml version="1.0" encoding="UTF-8"?>
<!-- Generated by org.testng.reporters.JUnitXMLReporter -->
<testsuite hostname="Brijiths-MBP.hsd1.ca.comcast.net" name="Goals API Tests" tests="16" failures="0" timestamp="22 Apr 2016 06:06:26 GMT" time="3.334" errors="0">
  <testcase name="addAGoalAndValidateTheDataLoad" time="1.997" classname="testcases.DataValidationTests"/>
  <testcase name="addAGoalWithAllFieldsAndValidateTheDataLoad" time="0.065" classname="testcases.DataValidationTests"/>
  <testcase name="addAGoalWithFewFieldsAndValidateTheDataLoad" time="0.057" classname="testcases.DataValidationTests"/>
  <testcase name="addAGoalWithNoFieldsAndValidateTheDataLoad" time="0.049" classname="testcases.DataValidationTests"/>
  <testcase name="addMultipleGoalsAndValidateTheDataLoad" time="0.046" classname="testcases.DataValidationTests"/>
  <testcase name="addMultipleGoalsAndValidateTheDataLoad" time="0.055" classname="testcases.DataValidationTests"/>
  <testcase name="addMultipleGoalsAndValidateTheDataLoad" time="0.058" classname="testcases.DataValidationTests"/>
  <testcase name="addMultipleGoalsAndValidateTheDataLoad" time="0.065" classname="testcases.DataValidationTests"/>
  <testcase name="addMultipleGoalsAndValidateTheDataLoad" time="0.067" classname="testcases.DataValidationTests"/>
  <testcase name="addMultipleGoalsAndValidateTheDataLoad" time="0.042" classname="testcases.DataValidationTests"/>
  <testcase name="addMultipleGoalsAndValidateTheDataLoad" time="0.061" classname="testcases.DataValidationTests"/>
  <testcase name="addMultipleGoalsAndValidateTheDataLoad" time="0.044" classname="testcases.DataValidationTests"/>
  <testcase name="addMultipleGoalsAndValidateTheDataLoad" time="0.052" classname="testcases.DataValidationTests"/>
  <testcase name="addMultipleGoalsAndValidateTheDataLoad" time="0.044" classname="testcases.DataValidationTests"/>
  <testcase name="retriveAllTheGoalsAndVerifyIfAllTheIDsareUnique" time="0.027" classname="testcases.DataValidationTests"/>
  <testcase name="retriveAllTheGoalsAndVerifyTheSizeOfResponse" time="0.031" classname="testcases.DataValidationTests"/>
</testsuite> <!-- Goals API Tests -->
