<?xml version="1.0" encoding="UTF-8"?>
<!-- Generated by org.testng.reporters.JUnitXMLReporter -->
<testsuite hostname="Brijiths-MBP.hsd1.ca.comcast.net" name="Load and Performance Tests" tests="1002" failures="0" timestamp="22 Apr 2016 09:45:06 GMT" time="10.715" errors="0">
  <testcase name="postRequestStressTest" time="0.066" classname="testcases.LoadAndPeformanceTests"/>
  <testcase name="postRequestStressTest" time="0.084" classname="testcases.LoadAndPeformanceTests"/>
  <testcase name="postRequestStressTest" time="0.096" classname="testcases.LoadAndPeformanceTests"/>
  <testcase name="postRequestStressTest" time="0.106" classname="testcases.LoadAndPeformanceTests"/>
  <testcase name="postRequestStressTest" time="0.114" classname="testcases.LoadAndPeformanceTests"/>
  <testcase name="postRequestStressTest" time="0.115" classname="testcases.LoadAndPeformanceTests"/>
  <testcase name="postRequestStressTest" time="0.12" classname="testcases.LoadAndPeformanceTests"/>
  <testcase name="postRequestStressTest" time="0.116" classname="testcases.LoadAndPeformanceTests"/>
  <testcase name="postRequestStressTest" time="0.124" classname="testcases.LoadAndPeformanceTests"/>
  <testcase name="postRequestStressTest" time="0.038" classname="testcases.LoadAndPeformanceTests"/>
  <testcase name="postRequestStressTest" time="0.058" classname="testcases.LoadAndPeformanceTests"/>
  <testcase name="postRequestStressTest" time="0.201" classname="testcases.LoadAndPeformanceTests"/>
  <testcase name="postRequestStressTest" time="0.057" classname="testcases.LoadAndPeformanceTests"/>
  <testcase name="postRequestStressTest" time="0.107" classname="testcases.LoadAndPeformanceTests"/>
  <testcase name="postRequestStressTest" time="0.126" classname="testcases.LoadAndPeformanceTests"/>
  <testcase name="postRequestStressTest" time="0.095" classname="testcases.LoadAndPeformanceTests"/>
  <testcase name="postRequestStressTest" time="0.13" classname="testcases.LoadAndPeformanceTests"/>
  <testcase name="postRequestStressTest" time="0.124" classname="testcases.LoadAndPeformanceTests"/>
  <testcase name="postRequestStressTest" time="0.123" classname="testcases.LoadAndPeformanceTests"/>
  <testcase name="postRequestStressTest" time="0.161" classname="testcases.LoadAndPeformanceTests"/>
  <testcase name="postRequestStressTest" time="0.194" classname="testcases.LoadAndPeformanceTests"/>
  <testcase name="postRequestStressTest" time="0.097" classname="testcases.LoadAndPeformanceTests"/>
  <testcase name="postRequestStressTest" time="0.137" classname="testcases.LoadAndPeformanceTests"/>
  <testcase name="postRequestStressTest" time="0.061" classname="testcases.LoadAndPeformanceTests"/>
  <testcase name="postRequestStressTest" time="0.11" classname="testcases.LoadAndPeformanceTests"/>
  <testcase name="postRequestStressTest" time="0.147" classname="testcases.LoadAndPeformanceTests"/>
  <testcase name="postRequestStressTest" time="0.037" classname="testcases.LoadAndPeformanceTests"/>
  <testcase name="postRequestStressTest" time="0.153" classname="testcases.LoadAndPeformanceTests"/>
  <testcase name="postRequestStressTest" time="0.127" classname="testcases.LoadAndPeformanceTests"/>
  <testcase name="postRequestStressTest" time="0.13" classname="testcases.LoadAndPeformanceTests"/>
  <testcase name="postRequestStressTest" time="0.055" classname="testcases.LoadAndPeformanceTests"/>
  <testcase name="postRequestStressTest" time="0.101" classname="testcases.LoadAndPeformanceTests"/>
  <testcase name="postRequestStressTest" time="0.178" classname="testcases.LoadAndPeformanceTests"/>
  <testcase name="postRequestStressTest" time="0.046" classname="testcases.LoadAndPeformanceTests"/>
  <testcase name="postRequestStressTest" time="0.065" classname="testcases.LoadAndPeformanceTests"/>
  <testcase name="postRequestStressTest" time="0.099" classname="testcases.LoadAndPeformanceTests"/>
  <testcase name="postRequestStressTest" time="0.089" classname="testcases.LoadAndPeformanceTests"/>
  <testcase name="postRequestStressTest" time="0.081" classname="testcases.LoadAndPeformanceTests"/>
  <testcase name="postRequestStressTest" time="0.092" classname="testcases.LoadAndPeformanceTests"/>
  <testcase name="postRequestStressTest" time="0.134" classname="testcases.LoadAndPeformanceTests"/>
  <testcase name="postRequestStressTest" time="0.135" classname="testcases.LoadAndPeformanceTests"/>
  <testcase name="postRequestStressTest" time="0.074" classname="testcases.LoadAndPeformanceTests"/>
  <testcase name="postRequestStressTest" time="0.159" classname="testcases.LoadAndPeformanceTests"/>
  <testcase name="postRequestStressTest" time="0.125" classname="testcases.LoadAndPeformanceTests"/>
  <testcase name="postRequestStressTest" time="0.193" classname="testcases.LoadAndPeformanceTests"/>
  <testcase name="postRequestStressTest" time="0.07" classname="testcases.LoadAndPeformanceTests"/>
  <testcase name="postRequestStressTest" time="0.116" classname="testcases.LoadAndPeformanceTests"/>
  <testcase name="postRequestStressTest" time="0.088" classname="testcases.LoadAndPeformanceTests"/>
  <testcase name="postRequestStressTest" time="0.127" classname="testcases.LoadAndPeformanceTests"/>
  <testcase name="postRequestStressTest" time="0.125" classname="testcases.LoadAndPeformanceTests"/>
  <testcase name="postRequestStressTest" time="0.107" classname="testcases.LoadAndPeformanceTests"/>
  <testcase name="postRequestStressTest" time="0.112" classname="testcases.LoadAndPeformanceTests"/>
  <testcase name="postRequestStressTest" time="0.114" classname="testcases.LoadAndPeformanceTests"/>
  <testcase name="postRequestStressTest" time="0.171" classname="testcases.LoadAndPeformanceTests"/>
  <testcase name="postRequestStressTest" time="0.104" classname="testcases.LoadAndPeformanceTests"/>
  <testcase name="postRequestStressTest" time="0.231" classname="testcases.LoadAndPeformanceTests"/>
  <testcase name="postRequestStressTest" time="0.07" classname="testcases.LoadAndPeformanceTests"/>
  <testcase name="postRequestStressTest" time="0.156" classname="testcases.LoadAndPeformanceTests"/>
  <testcase name="postRequestStressTest" time="0.084" classname="testcases.LoadAndPeformanceTests"/>
  <testcase name="postRequestStressTest" time="0.061" classname="testcases.LoadAndPeformanceTests"/>
  <testcase name="postRequestStressTest" time="0.062" classname="testcases.LoadAndPeformanceTests"/>
  <testcase name="postRequestStressTest" time="0.059" classname="testcases.LoadAndPeformanceTests"/>
  <testcase name="postRequestStressTest" time="0.062" classname="testcases.LoadAndPeformanceTests"/>
  <testcase name="postRequestStressTest" time="0.109" classname="testcases.LoadAndPeformanceTests"/>
  <testcase name="postRequestStressTest" time="0.073" classname="testcases.LoadAndPeformanceTests"/>
  <testcase name="postRequestStressTest" time="0.046" classname="testcases.LoadAndPeformanceTests"/>
  <testcase name="postRequestStressTest" time="0.161" classname="testcases.LoadAndPeformanceTests"/>
  <testcase name="postRequestStressTest" time="0.065" classname="testcases.LoadAndPeformanceTests"/>
  <testcase name="postRequestStressTest" time="0.152" classname="testcases.LoadAndPeformanceTests"/>
  <testcase name="postRequestStressTest" time="0.16" classname="testcases.LoadAndPeformanceTests"/>
  <testcase name="postRequestStressTest" time="0.183" classname="testcases.LoadAndPeformanceTests"/>
  <testcase name="postRequestStressTest" time="0.139" classname="testcases.LoadAndPeformanceTests"/>
  <testcase name="postRequestStressTest" time="0.141" classname="testcases.LoadAndPeformanceTests"/>
  <testcase name="postRequestStressTest" time="0.223" classname="testcases.LoadAndPeformanceTests"/>
  <testcase name="postRequestStressTest" time="0.071" classname="testcases.LoadAndPeformanceTests"/>
  <testcase name="postRequestStressTest" time="0.186" classname="testcases.LoadAndPeformanceTests"/>
  <testcase name="postRequestStressTest" time="0.093" classname="testcases.LoadAndPeformanceTests"/>
  <testcase name="postRequestStressTest" time="0.1" classname="testcases.LoadAndPeformanceTests"/>
  <testcase name="postRequestStressTest" time="0.132" classname="testcases.LoadAndPeformanceTests"/>
  <testcase name="postRequestStressTest" time="0.131" classname="testcases.LoadAndPeformanceTests"/>
  <testcase name="postRequestStressTest" time="0.217" classname="testcases.LoadAndPeformanceTests"/>
  <testcase name="postRequestStressTest" time="0.109" classname="testcases.LoadAndPeformanceTests"/>
  <testcase name="postRequestStressTest" time="0.108" classname="testcases.LoadAndPeformanceTests"/>
  <testcase name="postRequestStressTest" time="0.354" classname="testcases.LoadAndPeformanceTests"/>
  <testcase name="postRequestStressTest" time="0.239" classname="testcases.LoadAndPeformanceTests"/>
  <testcase name="postRequestStressTest" time="0.268" classname="testcases.LoadAndPeformanceTests"/>
  <testcase name="postRequestStressTest" time="0.291" classname="testcases.LoadAndPeformanceTests"/>
  <testcase name="postRequestStressTest" time="0.269" classname="testcases.LoadAndPeformanceTests"/>
  <testcase name="postRequestStressTest" time="0.252" classname="testcases.LoadAndPeformanceTests"/>
  <testcase name="postRequestStressTest" time="0.243" classname="testcases.LoadAndPeformanceTests"/>
  <testcase name="postRequestStressTest" time="0.256" classname="testcases.LoadAndPeformanceTests"/>
  <testcase name="postRequestStressTest" time="0.256" classname="testcases.LoadAndPeformanceTests"/>
  <testcase name="postRequestStressTest" time="0.268" classname="testcases.LoadAndPeformanceTests"/>
  <testcase name="postRequestStressTest" time="0.141" classname="testcases.LoadAndPeformanceTests"/>
  <testcase name="postRequestStressTest" time="0.087" classname="testcases.LoadAndPeformanceTests"/>
  <testcase name="postRequestStressTest" time="0.088" classname="testcases.LoadAndPeformanceTests"/>
  <testcase name="postRequestStressTest" time="0.193" classname="testcases.LoadAndPeformanceTests"/>
  <testcase name="postRequestStressTest" time="0.044" classname="testcases.LoadAndPeformanceTests"/>
  <testcase name="postRequestStressTest" time="0.179" classname="testcases.LoadAndPeformanceTests"/>
  <testcase name="postRequestStressTest" time="0.23" classname="testcases.LoadAndPeformanceTests"/>
  <testcase name="postRequestStressTest" time="0.084" classname="testcases.LoadAndPeformanceTests"/>
  <testcase name="postRequestStressTest" time="0.059" classname="testcases.LoadAndPeformanceTests"/>
  <testcase name="postRequestStressTest" time="0.076" classname="testcases.LoadAndPeformanceTests"/>
  <testcase name="postRequestStressTest" time="0.082" classname="testcases.LoadAndPeformanceTests"/>
  <testcase name="postRequestStressTest" time="0.103" classname="testcases.LoadAndPeformanceTests"/>
  <testcase name="postRequestStressTest" time="0.073" classname="testcases.LoadAndPeformanceTests"/>
  <testcase name="postRequestStressTest" time="0.065" classname="testcases.LoadAndPeformanceTests"/>
  <testcase name="postRequestStressTest" time="0.079" classname="testcases.LoadAndPeformanceTests"/>
  <testcase name="postRequestStressTest" time="0.049" classname="testcases.LoadAndPeformanceTests"/>
  <testcase name="postRequestStressTest" time="0.119" classname="testcases.LoadAndPeformanceTests"/>
  <testcase name="postRequestStressTest" time="0.103" classname="testcases.LoadAndPeformanceTests"/>
  <testcase name="postRequestStressTest" time="0.06" classname="testcases.LoadAndPeformanceTests"/>
  <testcase name="postRequestStressTest" time="0.057" classname="testcases.LoadAndPeformanceTests"/>
  <testcase name="postRequestStressTest" time="0.092" classname="testcases.LoadAndPeformanceTests"/>
  <testcase name="postRequestStressTest" time="0.079" classname="testcases.LoadAndPeformanceTests"/>
  <testcase name="postRequestStressTest" time="0.11" classname="testcases.LoadAndPeformanceTests"/>
  <testcase name="postRequestStressTest" time="0.109" classname="testcases.LoadAndPeformanceTests"/>
  <testcase name="postRequestStressTest" time="0.154" classname="testcases.LoadAndPeformanceTests"/>
  <testcase name="postRequestStressTest" time="0.129" classname="testcases.LoadAndPeformanceTests"/>
  <testcase name="postRequestStressTest" time="0.17" classname="testcases.LoadAndPeformanceTests"/>
  <testcase name="postRequestStressTest" time="0.148" classname="testcases.LoadAndPeformanceTests"/>
  <testcase name="postRequestStressTest" time="0.142" classname="testcases.LoadAndPeformanceTests"/>
  <testcase name="postRequestStressTest" time="0.141" classname="testcases.LoadAndPeformanceTests"/>
  <testcase name="postRequestStressTest" time="0.197" classname="testcases.LoadAndPeformanceTests"/>
  <testcase name="postRequestStressTest" time="0.046" classname="testcases.LoadAndPeformanceTests"/>
  <testcase name="postRequestStressTest" time="0.175" classname="testcases.LoadAndPeformanceTests"/>
  <testcase name="postRequestStressTest" time="0.063" classname="testcases.LoadAndPeformanceTests"/>
  <testcase name="postRequestStressTest" time="0.063" classname="testcases.LoadAndPeformanceTests"/>
  <testcase name="postRequestStressTest" time="0.085" classname="testcases.LoadAndPeformanceTests"/>
  <testcase name="postRequestStressTest" time="0.109" classname="testcases.LoadAndPeformanceTests"/>
  <testcase name="postRequestStressTest" time="0.177" classname="testcases.LoadAndPeformanceTests"/>
  <testcase name="postRequestStressTest" time="0.033" classname="testcases.LoadAndPeformanceTests"/>
  <testcase name="postRequestStressTest" time="0.125" classname="testcases.LoadAndPeformanceTests"/>
  <testcase name="postRequestStressTest" time="0.077" classname="testcases.LoadAndPeformanceTests"/>
  <testcase name="postRequestStressTest" time="0.084" classname="testcases.LoadAndPeformanceTests"/>
  <testcase name="postRequestStressTest" time="0.11" classname="testcases.LoadAndPeformanceTests"/>
  <testcase name="postRequestStressTest" time="0.116" classname="testcases.LoadAndPeformanceTests"/>
  <testcase name="postRequestStressTest" time="0.14" classname="testcases.LoadAndPeformanceTests"/>
  <testcase name="postRequestStressTest" time="0.194" classname="testcases.LoadAndPeformanceTests"/>
  <testcase name="postRequestStressTest" time="0.146" classname="testcases.LoadAndPeformanceTests"/>
  <testcase name="postRequestStressTest" time="0.124" classname="testcases.LoadAndPeformanceTests"/>
  <testcase name="postRequestStressTest" time="0.108" classname="testcases.LoadAndPeformanceTests"/>
  <testcase name="postRequestStressTest" time="0.079" classname="testcases.LoadAndPeformanceTests"/>
  <testcase name="postRequestStressTest" time="0.231" classname="testcases.LoadAndPeformanceTests"/>
  <testcase name="postRequestStressTest" time="0.137" classname="testcases.LoadAndPeformanceTests"/>
  <testcase name="postRequestStressTest" time="0.154" classname="testcases.LoadAndPeformanceTests"/>
  <testcase name="postRequestStressTest" time="0.125" classname="testcases.LoadAndPeformanceTests"/>
  <testcase name="postRequestStressTest" time="0.119" classname="testcases.LoadAndPeformanceTests"/>
  <testcase name="postRequestStressTest" time="0.169" classname="testcases.LoadAndPeformanceTests"/>
  <testcase name="postRequestStressTest" time="0.101" classname="testcases.LoadAndPeformanceTests"/>
  <testcase name="postRequestStressTest" time="0.186" classname="testcases.LoadAndPeformanceTests"/>
  <testcase name="postRequestStressTest" time="0.045" classname="testcases.LoadAndPeformanceTests"/>
  <testcase name="postRequestStressTest" time="0.136" classname="testcases.LoadAndPeformanceTests"/>
  <testcase name="postRequestStressTest" time="0.087" classname="testcases.LoadAndPeformanceTests"/>
  <testcase name="postRequestStressTest" time="0.094" classname="testcases.LoadAndPeformanceTests"/>
  <testcase name="postRequestStressTest" time="0.077" classname="testcases.LoadAndPeformanceTests"/>
  <testcase name="postRequestStressTest" time="0.105" classname="testcases.LoadAndPeformanceTests"/>
  <testcase name="postRequestStressTest" time="0.075" classname="testcases.LoadAndPeformanceTests"/>
  <testcase name="postRequestStressTest" time="0.049" classname="testcases.LoadAndPeformanceTests"/>
  <testcase name="postRequestStressTest" time="0.038" classname="testcases.LoadAndPeformanceTests"/>
  <testcase name="postRequestStressTest" time="0.084" classname="testcases.LoadAndPeformanceTests"/>
  <testcase name="postRequestStressTest" time="0.11" classname="testcases.LoadAndPeformanceTests"/>
  <testcase name="postRequestStressTest" time="0.083" classname="testcases.LoadAndPeformanceTests"/>
  <testcase name="postRequestStressTest" time="0.086" classname="testcases.LoadAndPeformanceTests"/>
  <testcase name="postRequestStressTest" time="0.079" classname="testcases.LoadAndPeformanceTests"/>
  <testcase name="postRequestStressTest" time="0.12" classname="testcases.LoadAndPeformanceTests"/>
  <testcase name="postRequestStressTest" time="0.085" classname="testcases.LoadAndPeformanceTests"/>
  <testcase name="postRequestStressTest" time="0.064" classname="testcases.LoadAndPeformanceTests"/>
  <testcase name="postRequestStressTest" time="0.052" classname="testcases.LoadAndPeformanceTests"/>
  <testcase name="postRequestStressTest" time="0.067" classname="testcases.LoadAndPeformanceTests"/>
  <testcase name="postRequestStressTest" time="0.039" classname="testcases.LoadAndPeformanceTests"/>
  <testcase name="postRequestStressTest" time="0.065" classname="testcases.LoadAndPeformanceTests"/>
  <testcase name="postRequestStressTest" time="0.11" classname="testcases.LoadAndPeformanceTests"/>
  <testcase name="postRequestStressTest" time="0.054" classname="testcases.LoadAndPeformanceTests"/>
  <testcase name="postRequestStressTest" time="0.07" classname="testcases.LoadAndPeformanceTests"/>
  <testcase name="postRequestStressTest" time="0.046" classname="testcases.LoadAndPeformanceTests"/>
  <testcase name="postRequestStressTest" time="0.057" classname="testcases.LoadAndPeformanceTests"/>
  <testcase name="postRequestStressTest" time="0.051" classname="testcases.LoadAndPeformanceTests"/>
  <testcase name="postRequestStressTest" time="0.048" classname="testcases.LoadAndPeformanceTests"/>
  <testcase name="postRequestStressTest" time="0.13" classname="testcases.LoadAndPeformanceTests"/>
  <testcase name="postRequestStressTest" time="0.11" classname="testcases.LoadAndPeformanceTests"/>
  <testcase name="postRequestStressTest" time="0.042" classname="testcases.LoadAndPeformanceTests"/>
  <testcase name="postRequestStressTest" time="0.083" classname="testcases.LoadAndPeformanceTests"/>
  <testcase name="postRequestStressTest" time="0.103" classname="testcases.LoadAndPeformanceTests"/>
  <testcase name="postRequestStressTest" time="0.015" classname="testcases.LoadAndPeformanceTests"/>
  <testcase name="postRequestStressTest" time="0.065" classname="testcases.LoadAndPeformanceTests"/>
  <testcase name="postRequestStressTest" time="0.035" classname="testcases.LoadAndPeformanceTests"/>
  <testcase name="postRequestStressTest" time="0.167" classname="testcases.LoadAndPeformanceTests"/>
  <testcase name="postRequestStressTest" time="0.05" classname="testcases.LoadAndPeformanceTests"/>
  <testcase name="postRequestStressTest" time="0.14" classname="testcases.LoadAndPeformanceTests"/>
  <testcase name="postRequestStressTest" time="0.075" classname="testcases.LoadAndPeformanceTests"/>
  <testcase name="postRequestStressTest" time="0.102" classname="testcases.LoadAndPeformanceTests"/>
  <testcase name="postRequestStressTest" time="0.053" classname="testcases.LoadAndPeformanceTests"/>
  <testcase name="postRequestStressTest" time="0.104" classname="testcases.LoadAndPeformanceTests"/>
  <testcase name="postRequestStressTest" time="0.029" classname="testcases.LoadAndPeformanceTests"/>
  <testcase name="postRequestStressTest" time="0.072" classname="testcases.LoadAndPeformanceTests"/>
  <testcase name="postRequestStressTest" time="0.131" classname="testcases.LoadAndPeformanceTests"/>
  <testcase name="postRequestStressTest" time="0.035" classname="testcases.LoadAndPeformanceTests"/>
  <testcase name="postRequestStressTest" time="0.086" classname="testcases.LoadAndPeformanceTests"/>
  <testcase name="postRequestStressTest" time="0.086" classname="testcases.LoadAndPeformanceTests"/>
  <testcase name="postRequestStressTest" time="0.073" classname="testcases.LoadAndPeformanceTests"/>
  <testcase name="postRequestStressTest" time="0.108" classname="testcases.LoadAndPeformanceTests"/>
  <testcase name="postRequestStressTest" time="0.04" classname="testcases.LoadAndPeformanceTests"/>
  <testcase name="postRequestStressTest" time="0.148" classname="testcases.LoadAndPeformanceTests"/>
  <testcase name="postRequestStressTest" time="0.072" classname="testcases.LoadAndPeformanceTests"/>
  <testcase name="postRequestStressTest" time="0.157" classname="testcases.LoadAndPeformanceTests"/>
  <testcase name="postRequestStressTest" time="0.107" classname="testcases.LoadAndPeformanceTests"/>
  <testcase name="postRequestStressTest" time="0.1" classname="testcases.LoadAndPeformanceTests"/>
  <testcase name="postRequestStressTest" time="0.079" classname="testcases.LoadAndPeformanceTests"/>
  <testcase name="postRequestStressTest" time="0.051" classname="testcases.LoadAndPeformanceTests"/>
  <testcase name="postRequestStressTest" time="0.078" classname="testcases.LoadAndPeformanceTests"/>
  <testcase name="postRequestStressTest" time="0.106" classname="testcases.LoadAndPeformanceTests"/>
  <testcase name="postRequestStressTest" time="0.086" classname="testcases.LoadAndPeformanceTests"/>
  <testcase name="postRequestStressTest" time="0.071" classname="testcases.LoadAndPeformanceTests"/>
  <testcase name="postRequestStressTest" time="0.072" classname="testcases.LoadAndPeformanceTests"/>
  <testcase name="postRequestStressTest" time="0.056" classname="testcases.LoadAndPeformanceTests"/>
  <testcase name="postRequestStressTest" time="0.136" classname="testcases.LoadAndPeformanceTests"/>
  <testcase name="postRequestStressTest" time="0.051" classname="testcases.LoadAndPeformanceTests"/>
  <testcase name="postRequestStressTest" time="0.036" classname="testcases.LoadAndPeformanceTests"/>
  <testcase name="postRequestStressTest" time="0.068" classname="testcases.LoadAndPeformanceTests"/>
  <testcase name="postRequestStressTest" time="0.095" classname="testcases.LoadAndPeformanceTests"/>
  <testcase name="postRequestStressTest" time="0.056" classname="testcases.LoadAndPeformanceTests"/>
  <testcase name="postRequestStressTest" time="0.111" classname="testcases.LoadAndPeformanceTests"/>
  <testcase name="postRequestStressTest" time="0.072" classname="testcases.LoadAndPeformanceTests"/>
  <testcase name="postRequestStressTest" time="0.062" classname="testcases.LoadAndPeformanceTests"/>
  <testcase name="postRequestStressTest" time="0.079" classname="testcases.LoadAndPeformanceTests"/>
  <testcase name="postRequestStressTest" time="0.052" classname="testcases.LoadAndPeformanceTests"/>
  <testcase name="postRequestStressTest" time="0.071" classname="testcases.LoadAndPeformanceTests"/>
  <testcase name="postRequestStressTest" time="0.074" classname="testcases.LoadAndPeformanceTests"/>
  <testcase name="postRequestStressTest" time="0.095" classname="testcases.LoadAndPeformanceTests"/>
  <testcase name="postRequestStressTest" time="0.1" classname="testcases.LoadAndPeformanceTests"/>
  <testcase name="postRequestStressTest" time="0.095" classname="testcases.LoadAndPeformanceTests"/>
  <testcase name="postRequestStressTest" time="0.134" classname="testcases.LoadAndPeformanceTests"/>
  <testcase name="postRequestStressTest" time="0.111" classname="testcases.LoadAndPeformanceTests"/>
  <testcase name="postRequestStressTest" time="0.074" classname="testcases.LoadAndPeformanceTests"/>
  <testcase name="postRequestStressTest" time="0.043" classname="testcases.LoadAndPeformanceTests"/>
  <testcase name="postRequestStressTest" time="0.076" classname="testcases.LoadAndPeformanceTests"/>
  <testcase name="postRequestStressTest" time="0.045" classname="testcases.LoadAndPeformanceTests"/>
  <testcase name="postRequestStressTest" time="0.165" classname="testcases.LoadAndPeformanceTests"/>
  <testcase name="postRequestStressTest" time="0.098" classname="testcases.LoadAndPeformanceTests"/>
  <testcase name="postRequestStressTest" time="0.109" classname="testcases.LoadAndPeformanceTests"/>
  <testcase name="postRequestStressTest" time="0.082" classname="testcases.LoadAndPeformanceTests"/>
  <testcase name="postRequestStressTest" time="0.044" classname="testcases.LoadAndPeformanceTests"/>
  <testcase name="postRequestStressTest" time="0.023" classname="testcases.LoadAndPeformanceTests"/>
  <testcase name="postRequestStressTest" time="0.073" classname="testcases.LoadAndPeformanceTests"/>
  <testcase name="postRequestStressTest" time="0.116" classname="testcases.LoadAndPeformanceTests"/>
  <testcase name="postRequestStressTest" time="0.137" classname="testcases.LoadAndPeformanceTests"/>
  <testcase name="postRequestStressTest" time="0.071" classname="testcases.LoadAndPeformanceTests"/>
  <testcase name="postRequestStressTest" time="0.045" classname="testcases.LoadAndPeformanceTests"/>
  <testcase name="postRequestStressTest" time="0.125" classname="testcases.LoadAndPeformanceTests"/>
  <testcase name="postRequestStressTest" time="0.071" classname="testcases.LoadAndPeformanceTests"/>
  <testcase name="postRequestStressTest" time="0.051" classname="testcases.LoadAndPeformanceTests"/>
  <testcase name="postRequestStressTest" time="0.126" classname="testcases.LoadAndPeformanceTests"/>
  <testcase name="postRequestStressTest" time="0.072" classname="testcases.LoadAndPeformanceTests"/>
  <testcase name="postRequestStressTest" time="0.102" classname="testcases.LoadAndPeformanceTests"/>
  <testcase name="postRequestStressTest" time="0.077" classname="testcases.LoadAndPeformanceTests"/>
  <testcase name="postRequestStressTest" time="0.06" classname="testcases.LoadAndPeformanceTests"/>
  <testcase name="postRequestStressTest" time="0.041" classname="testcases.LoadAndPeformanceTests"/>
  <testcase name="postRequestStressTest" time="0.056" classname="testcases.LoadAndPeformanceTests"/>
  <testcase name="postRequestStressTest" time="0.153" classname="testcases.LoadAndPeformanceTests"/>
  <testcase name="postRequestStressTest" time="0.085" classname="testcases.LoadAndPeformanceTests"/>
  <testcase name="postRequestStressTest" time="0.127" classname="testcases.LoadAndPeformanceTests"/>
  <testcase name="postRequestStressTest" time="0.161" classname="testcases.LoadAndPeformanceTests"/>
  <testcase name="postRequestStressTest" time="0.134" classname="testcases.LoadAndPeformanceTests"/>
  <testcase name="postRequestStressTest" time="0.096" classname="testcases.LoadAndPeformanceTests"/>
  <testcase name="postRequestStressTest" time="0.032" classname="testcases.LoadAndPeformanceTests"/>
  <testcase name="postRequestStressTest" time="0.082" classname="testcases.LoadAndPeformanceTests"/>
  <testcase name="postRequestStressTest" time="0.12" classname="testcases.LoadAndPeformanceTests"/>
  <testcase name="postRequestStressTest" time="0.089" classname="testcases.LoadAndPeformanceTests"/>
  <testcase name="postRequestStressTest" time="0.06" classname="testcases.LoadAndPeformanceTests"/>
  <testcase name="postRequestStressTest" time="0.133" classname="testcases.LoadAndPeformanceTests"/>
  <testcase name="postRequestStressTest" time="0.11" classname="testcases.LoadAndPeformanceTests"/>
  <testcase name="postRequestStressTest" time="0.094" classname="testcases.LoadAndPeformanceTests"/>
  <testcase name="postRequestStressTest" time="0.054" classname="testcases.LoadAndPeformanceTests"/>
  <testcase name="postRequestStressTest" time="0.071" classname="testcases.LoadAndPeformanceTests"/>
  <testcase name="postRequestStressTest" time="0.084" classname="testcases.LoadAndPeformanceTests"/>
  <testcase name="postRequestStressTest" time="0.07" classname="testcases.LoadAndPeformanceTests"/>
  <testcase name="postRequestStressTest" time="0.121" classname="testcases.LoadAndPeformanceTests"/>
  <testcase name="postRequestStressTest" time="0.156" classname="testcases.LoadAndPeformanceTests"/>
  <testcase name="postRequestStressTest" time="0.052" classname="testcases.LoadAndPeformanceTests"/>
  <testcase name="postRequestStressTest" time="0.11" classname="testcases.LoadAndPeformanceTests"/>
  <testcase name="postRequestStressTest" time="0.15" classname="testcases.LoadAndPeformanceTests"/>
  <testcase name="postRequestStressTest" time="0.16" classname="testcases.LoadAndPeformanceTests"/>
  <testcase name="postRequestStressTest" time="0.115" classname="testcases.LoadAndPeformanceTests"/>
  <testcase name="postRequestStressTest" time="0.131" classname="testcases.LoadAndPeformanceTests"/>
  <testcase name="postRequestStressTest" time="0.103" classname="testcases.LoadAndPeformanceTests"/>
  <testcase name="postRequestStressTest" time="0.195" classname="testcases.LoadAndPeformanceTests"/>
  <testcase name="postRequestStressTest" time="0.066" classname="testcases.LoadAndPeformanceTests"/>
  <testcase name="postRequestStressTest" time="0.096" classname="testcases.LoadAndPeformanceTests"/>
  <testcase name="postRequestStressTest" time="0.103" classname="testcases.LoadAndPeformanceTests"/>
  <testcase name="postRequestStressTest" time="0.091" classname="testcases.LoadAndPeformanceTests"/>
  <testcase name="postRequestStressTest" time="0.128" classname="testcases.LoadAndPeformanceTests"/>
  <testcase name="postRequestStressTest" time="0.058" classname="testcases.LoadAndPeformanceTests"/>
  <testcase name="postRequestStressTest" time="0.059" classname="testcases.LoadAndPeformanceTests"/>
  <testcase name="postRequestStressTest" time="0.099" classname="testcases.LoadAndPeformanceTests"/>
  <testcase name="postRequestStressTest" time="0.047" classname="testcases.LoadAndPeformanceTests"/>
  <testcase name="postRequestStressTest" time="0.054" classname="testcases.LoadAndPeformanceTests"/>
  <testcase name="postRequestStressTest" time="0.039" classname="testcases.LoadAndPeformanceTests"/>
  <testcase name="postRequestStressTest" time="0.155" classname="testcases.LoadAndPeformanceTests"/>
  <testcase name="postRequestStressTest" time="0.058" classname="testcases.LoadAndPeformanceTests"/>
  <testcase name="postRequestStressTest" time="0.06" classname="testcases.LoadAndPeformanceTests"/>
  <testcase name="postRequestStressTest" time="0.051" classname="testcases.LoadAndPeformanceTests"/>
  <testcase name="postRequestStressTest" time="0.043" classname="testcases.LoadAndPeformanceTests"/>
  <testcase name="postRequestStressTest" time="0.062" classname="testcases.LoadAndPeformanceTests"/>
  <testcase name="postRequestStressTest" time="0.053" classname="testcases.LoadAndPeformanceTests"/>
  <testcase name="postRequestStressTest" time="0.062" classname="testcases.LoadAndPeformanceTests"/>
  <testcase name="postRequestStressTest" time="0.081" classname="testcases.LoadAndPeformanceTests"/>
  <testcase name="postRequestStressTest" time="0.101" classname="testcases.LoadAndPeformanceTests"/>
  <testcase name="postRequestStressTest" time="0.04" classname="testcases.LoadAndPeformanceTests"/>
  <testcase name="postRequestStressTest" time="0.046" classname="testcases.LoadAndPeformanceTests"/>
  <testcase name="postRequestStressTest" time="0.056" classname="testcases.LoadAndPeformanceTests"/>
  <testcase name="postRequestStressTest" time="0.103" classname="testcases.LoadAndPeformanceTests"/>
  <testcase name="postRequestStressTest" time="0.096" classname="testcases.LoadAndPeformanceTests"/>
  <testcase name="postRequestStressTest" time="0.106" classname="testcases.LoadAndPeformanceTests"/>
  <testcase name="postRequestStressTest" time="0.066" classname="testcases.LoadAndPeformanceTests"/>
  <testcase name="postRequestStressTest" time="0.106" classname="testcases.LoadAndPeformanceTests"/>
  <testcase name="postRequestStressTest" time="0.074" classname="testcases.LoadAndPeformanceTests"/>
  <testcase name="postRequestStressTest" time="0.101" classname="testcases.LoadAndPeformanceTests"/>
  <testcase name="postRequestStressTest" time="0.065" classname="testcases.LoadAndPeformanceTests"/>
  <testcase name="postRequestStressTest" time="0.116" classname="testcases.LoadAndPeformanceTests"/>
  <testcase name="postRequestStressTest" time="0.094" classname="testcases.LoadAndPeformanceTests"/>
  <testcase name="postRequestStressTest" time="0.079" classname="testcases.LoadAndPeformanceTests"/>
  <testcase name="postRequestStressTest" time="0.049" classname="testcases.LoadAndPeformanceTests"/>
  <testcase name="postRequestStressTest" time="0.071" classname="testcases.LoadAndPeformanceTests"/>
  <testcase name="postRequestStressTest" time="0.065" classname="testcases.LoadAndPeformanceTests"/>
  <testcase name="postRequestStressTest" time="0.087" classname="testcases.LoadAndPeformanceTests"/>
  <testcase name="postRequestStressTest" time="0.046" classname="testcases.LoadAndPeformanceTests"/>
  <testcase name="postRequestStressTest" time="0.081" classname="testcases.LoadAndPeformanceTests"/>
  <testcase name="postRequestStressTest" time="0.098" classname="testcases.LoadAndPeformanceTests"/>
  <testcase name="postRequestStressTest" time="0.138" classname="testcases.LoadAndPeformanceTests"/>
  <testcase name="postRequestStressTest" time="0.065" classname="testcases.LoadAndPeformanceTests"/>
  <testcase name="postRequestStressTest" time="0.094" classname="testcases.LoadAndPeformanceTests"/>
  <testcase name="postRequestStressTest" time="0.1" classname="testcases.LoadAndPeformanceTests"/>
  <testcase name="postRequestStressTest" time="0.098" classname="testcases.LoadAndPeformanceTests"/>
  <testcase name="postRequestStressTest" time="0.082" classname="testcases.LoadAndPeformanceTests"/>
  <testcase name="postRequestStressTest" time="0.128" classname="testcases.LoadAndPeformanceTests"/>
  <testcase name="postRequestStressTest" time="0.113" classname="testcases.LoadAndPeformanceTests"/>
  <testcase name="postRequestStressTest" time="0.137" classname="testcases.LoadAndPeformanceTests"/>
  <testcase name="postRequestStressTest" time="0.09" classname="testcases.LoadAndPeformanceTests"/>
  <testcase name="postRequestStressTest" time="0.084" classname="testcases.LoadAndPeformanceTests"/>
  <testcase name="postRequestStressTest" time="0.084" classname="testcases.LoadAndPeformanceTests"/>
  <testcase name="postRequestStressTest" time="0.041" classname="testcases.LoadAndPeformanceTests"/>
  <testcase name="postRequestStressTest" time="0.068" classname="testcases.LoadAndPeformanceTests"/>
  <testcase name="postRequestStressTest" time="0.106" classname="testcases.LoadAndPeformanceTests"/>
  <testcase name="postRequestStressTest" time="0.125" classname="testcases.LoadAndPeformanceTests"/>
  <testcase name="postRequestStressTest" time="0.176" classname="testcases.LoadAndPeformanceTests"/>
  <testcase name="postRequestStressTest" time="0.067" classname="testcases.LoadAndPeformanceTests"/>
  <testcase name="postRequestStressTest" time="0.2" classname="testcases.LoadAndPeformanceTests"/>
  <testcase name="postRequestStressTest" time="0.067" classname="testcases.LoadAndPeformanceTests"/>
  <testcase name="postRequestStressTest" time="0.089" classname="testcases.LoadAndPeformanceTests"/>
  <testcase name="postRequestStressTest" time="0.115" classname="testcases.LoadAndPeformanceTests"/>
  <testcase name="postRequestStressTest" time="0.096" classname="testcases.LoadAndPeformanceTests"/>
  <testcase name="postRequestStressTest" time="0.118" classname="testcases.LoadAndPeformanceTests"/>
  <testcase name="postRequestStressTest" time="0.095" classname="testcases.LoadAndPeformanceTests"/>
  <testcase name="postRequestStressTest" time="0.143" classname="testcases.LoadAndPeformanceTests"/>
  <testcase name="postRequestStressTest" time="0.133" classname="testcases.LoadAndPeformanceTests"/>
  <testcase name="postRequestStressTest" time="0.098" classname="testcases.LoadAndPeformanceTests"/>
  <testcase name="postRequestStressTest" time="0.129" classname="testcases.LoadAndPeformanceTests"/>
  <testcase name="postRequestStressTest" time="0.128" classname="testcases.LoadAndPeformanceTests"/>
  <testcase name="postRequestStressTest" time="0.097" classname="testcases.LoadAndPeformanceTests"/>
  <testcase name="postRequestStressTest" time="0.032" classname="testcases.LoadAndPeformanceTests"/>
  <testcase name="postRequestStressTest" time="0.064" classname="testcases.LoadAndPeformanceTests"/>
  <testcase name="postRequestStressTest" time="0.105" classname="testcases.LoadAndPeformanceTests"/>
  <testcase name="postRequestStressTest" time="0.103" classname="testcases.LoadAndPeformanceTests"/>
  <testcase name="postRequestStressTest" time="0.078" classname="testcases.LoadAndPeformanceTests"/>
  <testcase name="postRequestStressTest" time="0.093" classname="testcases.LoadAndPeformanceTests"/>
  <testcase name="postRequestStressTest" time="0.082" classname="testcases.LoadAndPeformanceTests"/>
  <testcase name="postRequestStressTest" time="0.14" classname="testcases.LoadAndPeformanceTests"/>
  <testcase name="postRequestStressTest" time="0.069" classname="testcases.LoadAndPeformanceTests"/>
  <testcase name="postRequestStressTest" time="0.061" classname="testcases.LoadAndPeformanceTests"/>
  <testcase name="postRequestStressTest" time="0.083" classname="testcases.LoadAndPeformanceTests"/>
  <testcase name="postRequestStressTest" time="0.117" classname="testcases.LoadAndPeformanceTests"/>
  <testcase name="postRequestStressTest" time="0.075" classname="testcases.LoadAndPeformanceTests"/>
  <testcase name="postRequestStressTest" time="0.05" classname="testcases.LoadAndPeformanceTests"/>
  <testcase name="postRequestStressTest" time="0.056" classname="testcases.LoadAndPeformanceTests"/>
  <testcase name="postRequestStressTest" time="0.037" classname="testcases.LoadAndPeformanceTests"/>
  <testcase name="postRequestStressTest" time="0.093" classname="testcases.LoadAndPeformanceTests"/>
  <testcase name="postRequestStressTest" time="0.044" classname="testcases.LoadAndPeformanceTests"/>
  <testcase name="postRequestStressTest" time="0.068" classname="testcases.LoadAndPeformanceTests"/>
  <testcase name="postRequestStressTest" time="0.078" classname="testcases.LoadAndPeformanceTests"/>
  <testcase name="postRequestStressTest" time="0.054" classname="testcases.LoadAndPeformanceTests"/>
  <testcase name="postRequestStressTest" time="0.055" classname="testcases.LoadAndPeformanceTests"/>
  <testcase name="postRequestStressTest" time="0.087" classname="testcases.LoadAndPeformanceTests"/>
  <testcase name="postRequestStressTest" time="0.122" classname="testcases.LoadAndPeformanceTests"/>
  <testcase name="postRequestStressTest" time="0.075" classname="testcases.LoadAndPeformanceTests"/>
  <testcase name="postRequestStressTest" time="0.064" classname="testcases.LoadAndPeformanceTests"/>
  <testcase name="postRequestStressTest" time="0.133" classname="testcases.LoadAndPeformanceTests"/>
  <testcase name="postRequestStressTest" time="0.05" classname="testcases.LoadAndPeformanceTests"/>
  <testcase name="postRequestStressTest" time="0.074" classname="testcases.LoadAndPeformanceTests"/>
  <testcase name="postRequestStressTest" time="0.098" classname="testcases.LoadAndPeformanceTests"/>
  <testcase name="postRequestStressTest" time="0.096" classname="testcases.LoadAndPeformanceTests"/>
  <testcase name="postRequestStressTest" time="0.086" classname="testcases.LoadAndPeformanceTests"/>
  <testcase name="postRequestStressTest" time="0.06" classname="testcases.LoadAndPeformanceTests"/>
  <testcase name="postRequestStressTest" time="0.146" classname="testcases.LoadAndPeformanceTests"/>
  <testcase name="postRequestStressTest" time="0.103" classname="testcases.LoadAndPeformanceTests"/>
  <testcase name="postRequestStressTest" time="0.05" classname="testcases.LoadAndPeformanceTests"/>
  <testcase name="postRequestStressTest" time="0.133" classname="testcases.LoadAndPeformanceTests"/>
  <testcase name="postRequestStressTest" time="0.104" classname="testcases.LoadAndPeformanceTests"/>
  <testcase name="postRequestStressTest" time="0.094" classname="testcases.LoadAndPeformanceTests"/>
  <testcase name="postRequestStressTest" time="0.144" classname="testcases.LoadAndPeformanceTests"/>
  <testcase name="postRequestStressTest" time="0.073" classname="testcases.LoadAndPeformanceTests"/>
  <testcase name="postRequestStressTest" time="0.138" classname="testcases.LoadAndPeformanceTests"/>
  <testcase name="postRequestStressTest" time="0.094" classname="testcases.LoadAndPeformanceTests"/>
  <testcase name="postRequestStressTest" time="0.093" classname="testcases.LoadAndPeformanceTests"/>
  <testcase name="postRequestStressTest" time="0.082" classname="testcases.LoadAndPeformanceTests"/>
  <testcase name="postRequestStressTest" time="0.083" classname="testcases.LoadAndPeformanceTests"/>
  <testcase name="postRequestStressTest" time="0.105" classname="testcases.LoadAndPeformanceTests"/>
  <testcase name="postRequestStressTest" time="0.142" classname="testcases.LoadAndPeformanceTests"/>
  <testcase name="postRequestStressTest" time="0.065" classname="testcases.LoadAndPeformanceTests"/>
  <testcase name="postRequestStressTest" time="0.103" classname="testcases.LoadAndPeformanceTests"/>
  <testcase name="postRequestStressTest" time="0.033" classname="testcases.LoadAndPeformanceTests"/>
  <testcase name="postRequestStressTest" time="0.07" classname="testcases.LoadAndPeformanceTests"/>
  <testcase name="postRequestStressTest" time="0.042" classname="testcases.LoadAndPeformanceTests"/>
  <testcase name="postRequestStressTest" time="0.085" classname="testcases.LoadAndPeformanceTests"/>
  <testcase name="postRequestStressTest" time="0.043" classname="testcases.LoadAndPeformanceTests"/>
  <testcase name="postRequestStressTest" time="0.058" classname="testcases.LoadAndPeformanceTests"/>
  <testcase name="postRequestStressTest" time="0.046" classname="testcases.LoadAndPeformanceTests"/>
  <testcase name="postRequestStressTest" time="0.044" classname="testcases.LoadAndPeformanceTests"/>
  <testcase name="postRequestStressTest" time="0.047" classname="testcases.LoadAndPeformanceTests"/>
  <testcase name="postRequestStressTest" time="0.053" classname="testcases.LoadAndPeformanceTests"/>
  <testcase name="postRequestStressTest" time="0.076" classname="testcases.LoadAndPeformanceTests"/>
  <testcase name="postRequestStressTest" time="0.055" classname="testcases.LoadAndPeformanceTests"/>
  <testcase name="postRequestStressTest" time="0.039" classname="testcases.LoadAndPeformanceTests"/>
  <testcase name="postRequestStressTest" time="0.054" classname="testcases.LoadAndPeformanceTests"/>
  <testcase name="postRequestStressTest" time="0.039" classname="testcases.LoadAndPeformanceTests"/>
  <testcase name="postRequestStressTest" time="0.101" classname="testcases.LoadAndPeformanceTests"/>
  <testcase name="postRequestStressTest" time="0.066" classname="testcases.LoadAndPeformanceTests"/>
  <testcase name="postRequestStressTest" time="0.051" classname="testcases.LoadAndPeformanceTests"/>
  <testcase name="postRequestStressTest" time="0.054" classname="testcases.LoadAndPeformanceTests"/>
  <testcase name="postRequestStressTest" time="0.068" classname="testcases.LoadAndPeformanceTests"/>
  <testcase name="postRequestStressTest" time="0.081" classname="testcases.LoadAndPeformanceTests"/>
  <testcase name="postRequestStressTest" time="0.081" classname="testcases.LoadAndPeformanceTests"/>
  <testcase name="postRequestStressTest" time="0.116" classname="testcases.LoadAndPeformanceTests"/>
  <testcase name="postRequestStressTest" time="0.123" classname="testcases.LoadAndPeformanceTests"/>
  <testcase name="postRequestStressTest" time="0.145" classname="testcases.LoadAndPeformanceTests"/>
  <testcase name="postRequestStressTest" time="0.133" classname="testcases.LoadAndPeformanceTests"/>
  <testcase name="postRequestStressTest" time="0.077" classname="testcases.LoadAndPeformanceTests"/>
  <testcase name="postRequestStressTest" time="0.149" classname="testcases.LoadAndPeformanceTests"/>
  <testcase name="postRequestStressTest" time="0.136" classname="testcases.LoadAndPeformanceTests"/>
  <testcase name="postRequestStressTest" time="0.026" classname="testcases.LoadAndPeformanceTests"/>
  <testcase name="postRequestStressTest" time="0.095" classname="testcases.LoadAndPeformanceTests"/>
  <testcase name="postRequestStressTest" time="0.044" classname="testcases.LoadAndPeformanceTests"/>
  <testcase name="postRequestStressTest" time="0.096" classname="testcases.LoadAndPeformanceTests"/>
  <testcase name="postRequestStressTest" time="0.042" classname="testcases.LoadAndPeformanceTests"/>
  <testcase name="postRequestStressTest" time="0.034" classname="testcases.LoadAndPeformanceTests"/>
  <testcase name="postRequestStressTest" time="0.169" classname="testcases.LoadAndPeformanceTests"/>
  <testcase name="postRequestStressTest" time="0.039" classname="testcases.LoadAndPeformanceTests"/>
  <testcase name="postRequestStressTest" time="0.031" classname="testcases.LoadAndPeformanceTests"/>
  <testcase name="postRequestStressTest" time="0.085" classname="testcases.LoadAndPeformanceTests"/>
  <testcase name="postRequestStressTest" time="0.058" classname="testcases.LoadAndPeformanceTests"/>
  <testcase name="postRequestStressTest" time="0.071" classname="testcases.LoadAndPeformanceTests"/>
  <testcase name="postRequestStressTest" time="0.08" classname="testcases.LoadAndPeformanceTests"/>
  <testcase name="postRequestStressTest" time="0.045" classname="testcases.LoadAndPeformanceTests"/>
  <testcase name="postRequestStressTest" time="0.077" classname="testcases.LoadAndPeformanceTests"/>
  <testcase name="postRequestStressTest" time="0.081" classname="testcases.LoadAndPeformanceTests"/>
  <testcase name="postRequestStressTest" time="0.054" classname="testcases.LoadAndPeformanceTests"/>
  <testcase name="postRequestStressTest" time="0.041" classname="testcases.LoadAndPeformanceTests"/>
  <testcase name="postRequestStressTest" time="0.075" classname="testcases.LoadAndPeformanceTests"/>
  <testcase name="postRequestStressTest" time="0.035" classname="testcases.LoadAndPeformanceTests"/>
  <testcase name="postRequestStressTest" time="0.082" classname="testcases.LoadAndPeformanceTests"/>
  <testcase name="postRequestStressTest" time="0.109" classname="testcases.LoadAndPeformanceTests"/>
  <testcase name="postRequestStressTest" time="0.102" classname="testcases.LoadAndPeformanceTests"/>
  <testcase name="postRequestStressTest" time="0.098" classname="testcases.LoadAndPeformanceTests"/>
  <testcase name="postRequestStressTest" time="0.164" classname="testcases.LoadAndPeformanceTests"/>
  <testcase name="postRequestStressTest" time="0.162" classname="testcases.LoadAndPeformanceTests"/>
  <testcase name="postRequestStressTest" time="0.126" classname="testcases.LoadAndPeformanceTests"/>
  <testcase name="postRequestStressTest" time="0.167" classname="testcases.LoadAndPeformanceTests"/>
  <testcase name="postRequestStressTest" time="0.064" classname="testcases.LoadAndPeformanceTests"/>
  <testcase name="postRequestStressTest" time="0.11" classname="testcases.LoadAndPeformanceTests"/>
  <testcase name="postRequestStressTest" time="0.11" classname="testcases.LoadAndPeformanceTests"/>
  <testcase name="postRequestStressTest" time="0.092" classname="testcases.LoadAndPeformanceTests"/>
  <testcase name="postRequestStressTest" time="0.221" classname="testcases.LoadAndPeformanceTests"/>
  <testcase name="postRequestStressTest" time="0.079" classname="testcases.LoadAndPeformanceTests"/>
  <testcase name="postRequestStressTest" time="0.234" classname="testcases.LoadAndPeformanceTests"/>
  <testcase name="postRequestStressTest" time="0.289" classname="testcases.LoadAndPeformanceTests"/>
  <testcase name="postRequestStressTest" time="0.174" classname="testcases.LoadAndPeformanceTests"/>
  <testcase name="postRequestStressTest" time="0.085" classname="testcases.LoadAndPeformanceTests"/>
  <testcase name="postRequestStressTest" time="0.125" classname="testcases.LoadAndPeformanceTests"/>
  <testcase name="postRequestStressTest" time="0.23" classname="testcases.LoadAndPeformanceTests"/>
  <testcase name="postRequestStressTest" time="0.268" classname="testcases.LoadAndPeformanceTests"/>
  <testcase name="postRequestStressTest" time="0.246" classname="testcases.LoadAndPeformanceTests"/>
  <testcase name="postRequestStressTest" time="0.143" classname="testcases.LoadAndPeformanceTests"/>
  <testcase name="postRequestStressTest" time="0.333" classname="testcases.LoadAndPeformanceTests"/>
  <testcase name="postRequestStressTest" time="0.189" classname="testcases.LoadAndPeformanceTests"/>
  <testcase name="postRequestStressTest" time="0.157" classname="testcases.LoadAndPeformanceTests"/>
  <testcase name="postRequestStressTest" time="0.328" classname="testcases.LoadAndPeformanceTests"/>
  <testcase name="postRequestStressTest" time="0.206" classname="testcases.LoadAndPeformanceTests"/>
  <testcase name="postRequestStressTest" time="0.098" classname="testcases.LoadAndPeformanceTests"/>
  <testcase name="postRequestStressTest" time="0.183" classname="testcases.LoadAndPeformanceTests"/>
  <testcase name="postRequestStressTest" time="0.083" classname="testcases.LoadAndPeformanceTests"/>
  <testcase name="postRequestStressTest" time="0.152" classname="testcases.LoadAndPeformanceTests"/>
  <testcase name="postRequestStressTest" time="0.183" classname="testcases.LoadAndPeformanceTests"/>
  <testcase name="postRequestStressTest" time="0.102" classname="testcases.LoadAndPeformanceTests"/>
  <testcase name="postRequestStressTest" time="0.256" classname="testcases.LoadAndPeformanceTests"/>
  <testcase name="postRequestStressTest" time="0.103" classname="testcases.LoadAndPeformanceTests"/>
  <testcase name="postRequestStressTest" time="0.122" classname="testcases.LoadAndPeformanceTests"/>
  <testcase name="postRequestStressTest" time="0.17" classname="testcases.LoadAndPeformanceTests"/>
  <testcase name="postRequestStressTest" time="0.136" classname="testcases.LoadAndPeformanceTests"/>
  <testcase name="postRequestStressTest" time="0.137" classname="testcases.LoadAndPeformanceTests"/>
  <testcase name="postRequestStressTest" time="0.117" classname="testcases.LoadAndPeformanceTests"/>
  <testcase name="postRequestStressTest" time="0.042" classname="testcases.LoadAndPeformanceTests"/>
  <testcase name="postRequestStressTest" time="0.146" classname="testcases.LoadAndPeformanceTests"/>
  <testcase name="postRequestStressTest" time="0.092" classname="testcases.LoadAndPeformanceTests"/>
  <testcase name="postRequestStressTest" time="0.129" classname="testcases.LoadAndPeformanceTests"/>
  <testcase name="postRequestStressTest" time="0.045" classname="testcases.LoadAndPeformanceTests"/>
  <testcase name="postRequestStressTest" time="0.044" classname="testcases.LoadAndPeformanceTests"/>
  <testcase name="postRequestStressTest" time="0.079" classname="testcases.LoadAndPeformanceTests"/>
  <testcase name="postRequestStressTest" time="0.086" classname="testcases.LoadAndPeformanceTests"/>
  <testcase name="postRequestStressTest" time="0.102" classname="testcases.LoadAndPeformanceTests"/>
  <testcase name="postRequestStressTest" time="0.073" classname="testcases.LoadAndPeformanceTests"/>
  <testcase name="postRequestStressTest" time="0.053" classname="testcases.LoadAndPeformanceTests"/>
  <testcase name="postRequestStressTest" time="0.104" classname="testcases.LoadAndPeformanceTests"/>
  <testcase name="postRequestStressTest" time="0.086" classname="testcases.LoadAndPeformanceTests"/>
  <testcase name="postRequestStressTest" time="0.166" classname="testcases.LoadAndPeformanceTests"/>
  <testcase name="postRequestStressTest" time="0.102" classname="testcases.LoadAndPeformanceTests"/>
  <testcase name="postRequestStressTest" time="0.101" classname="testcases.LoadAndPeformanceTests"/>
  <testcase name="postRequestStressTest" time="0.062" classname="testcases.LoadAndPeformanceTests"/>
  <testcase name="postRequestStressTest" time="0.137" classname="testcases.LoadAndPeformanceTests"/>
  <testcase name="postRequestStressTest" time="0.031" classname="testcases.LoadAndPeformanceTests"/>
  <testcase name="postRequestStressTest" time="0.098" classname="testcases.LoadAndPeformanceTests"/>
  <testcase name="postRequestStressTest" time="0.049" classname="testcases.LoadAndPeformanceTests"/>
  <testcase name="postRequestStressTest" time="0.068" classname="testcases.LoadAndPeformanceTests"/>
  <testcase name="postRequestStressTest" time="0.082" classname="testcases.LoadAndPeformanceTests"/>
  <testcase name="postRequestStressTest" time="0.098" classname="testcases.LoadAndPeformanceTests"/>
  <testcase name="postRequestStressTest" time="0.081" classname="testcases.LoadAndPeformanceTests"/>
  <testcase name="postRequestStressTest" time="0.162" classname="testcases.LoadAndPeformanceTests"/>
  <testcase name="postRequestStressTest" time="0.186" classname="testcases.LoadAndPeformanceTests"/>
  <testcase name="postRequestStressTest" time="0.091" classname="testcases.LoadAndPeformanceTests"/>
  <testcase name="postRequestStressTest" time="0.105" classname="testcases.LoadAndPeformanceTests"/>
  <testcase name="postRequestStressTest" time="0.13" classname="testcases.LoadAndPeformanceTests"/>
  <testcase name="postRequestStressTest" time="0.128" classname="testcases.LoadAndPeformanceTests"/>
  <testcase name="postRequestStressTest" time="0.1" classname="testcases.LoadAndPeformanceTests"/>
  <testcase name="postRequestStressTest" time="0.084" classname="testcases.LoadAndPeformanceTests"/>
  <testcase name="postRequestStressTest" time="0.201" classname="testcases.LoadAndPeformanceTests"/>
  <testcase name="postRequestStressTest" time="0.086" classname="testcases.LoadAndPeformanceTests"/>
  <testcase name="postRequestStressTest" time="0.167" classname="testcases.LoadAndPeformanceTests"/>
  <testcase name="postRequestStressTest" time="0.062" classname="testcases.LoadAndPeformanceTests"/>
  <testcase name="postRequestStressTest" time="0.082" classname="testcases.LoadAndPeformanceTests"/>
  <testcase name="postRequestStressTest" time="0.073" classname="testcases.LoadAndPeformanceTests"/>
  <testcase name="postRequestStressTest" time="0.118" classname="testcases.LoadAndPeformanceTests"/>
  <testcase name="postRequestStressTest" time="0.13" classname="testcases.LoadAndPeformanceTests"/>
  <testcase name="postRequestStressTest" time="0.07" classname="testcases.LoadAndPeformanceTests"/>
  <testcase name="postRequestStressTest" time="0.093" classname="testcases.LoadAndPeformanceTests"/>
  <testcase name="postRequestStressTest" time="0.052" classname="testcases.LoadAndPeformanceTests"/>
  <testcase name="postRequestStressTest" time="0.097" classname="testcases.LoadAndPeformanceTests"/>
  <testcase name="postRequestStressTest" time="0.053" classname="testcases.LoadAndPeformanceTests"/>
  <testcase name="postRequestStressTest" time="0.174" classname="testcases.LoadAndPeformanceTests"/>
  <testcase name="postRequestStressTest" time="0.071" classname="testcases.LoadAndPeformanceTests"/>
  <testcase name="postRequestStressTest" time="0.106" classname="testcases.LoadAndPeformanceTests"/>
  <testcase name="postRequestStressTest" time="0.169" classname="testcases.LoadAndPeformanceTests"/>
  <testcase name="postRequestStressTest" time="0.119" classname="testcases.LoadAndPeformanceTests"/>
  <testcase name="postRequestStressTest" time="0.086" classname="testcases.LoadAndPeformanceTests"/>
  <testcase name="postRequestStressTest" time="0.05" classname="testcases.LoadAndPeformanceTests"/>
  <testcase name="postRequestStressTest" time="0.096" classname="testcases.LoadAndPeformanceTests"/>
  <testcase name="postRequestStressTest" time="0.078" classname="testcases.LoadAndPeformanceTests"/>
  <testcase name="postRequestStressTest" time="0.096" classname="testcases.LoadAndPeformanceTests"/>
  <testcase name="postRequestStressTest" time="0.112" classname="testcases.LoadAndPeformanceTests"/>
  <testcase name="postRequestStressTest" time="0.118" classname="testcases.LoadAndPeformanceTests"/>
  <testcase name="postRequestStressTest" time="0.024" classname="testcases.LoadAndPeformanceTests"/>
  <testcase name="postRequestStressTest" time="0.058" classname="testcases.LoadAndPeformanceTests"/>
  <testcase name="postRequestStressTest" time="0.05" classname="testcases.LoadAndPeformanceTests"/>
  <testcase name="postRequestStressTest" time="0.036" classname="testcases.LoadAndPeformanceTests"/>
  <testcase name="postRequestStressTest" time="0.065" classname="testcases.LoadAndPeformanceTests"/>
  <testcase name="postRequestStressTest" time="0.128" classname="testcases.LoadAndPeformanceTests"/>
  <testcase name="postRequestStressTest" time="0.065" classname="testcases.LoadAndPeformanceTests"/>
  <testcase name="postRequestStressTest" time="0.187" classname="testcases.LoadAndPeformanceTests"/>
  <testcase name="postRequestStressTest" time="0.038" classname="testcases.LoadAndPeformanceTests"/>
  <testcase name="postRequestStressTest" time="0.084" classname="testcases.LoadAndPeformanceTests"/>
  <testcase name="postRequestStressTest" time="0.072" classname="testcases.LoadAndPeformanceTests"/>
  <testcase name="postRequestStressTest" time="0.049" classname="testcases.LoadAndPeformanceTests"/>
  <testcase name="postRequestStressTest" time="0.036" classname="testcases.LoadAndPeformanceTests"/>
  <testcase name="postRequestStressTest" time="0.104" classname="testcases.LoadAndPeformanceTests"/>
  <testcase name="postRequestStressTest" time="0.097" classname="testcases.LoadAndPeformanceTests"/>
  <testcase name="postRequestStressTest" time="0.056" classname="testcases.LoadAndPeformanceTests"/>
  <testcase name="postRequestStressTest" time="0.088" classname="testcases.LoadAndPeformanceTests"/>
  <testcase name="postRequestStressTest" time="0.063" classname="testcases.LoadAndPeformanceTests"/>
  <testcase name="postRequestStressTest" time="0.104" classname="testcases.LoadAndPeformanceTests"/>
  <testcase name="postRequestStressTest" time="0.097" classname="testcases.LoadAndPeformanceTests"/>
  <testcase name="postRequestStressTest" time="0.07" classname="testcases.LoadAndPeformanceTests"/>
  <testcase name="postRequestStressTest" time="0.107" classname="testcases.LoadAndPeformanceTests"/>
  <testcase name="postRequestStressTest" time="0.103" classname="testcases.LoadAndPeformanceTests"/>
  <testcase name="postRequestStressTest" time="0.175" classname="testcases.LoadAndPeformanceTests"/>
  <testcase name="postRequestStressTest" time="0.098" classname="testcases.LoadAndPeformanceTests"/>
  <testcase name="postRequestStressTest" time="0.084" classname="testcases.LoadAndPeformanceTests"/>
  <testcase name="postRequestStressTest" time="0.085" classname="testcases.LoadAndPeformanceTests"/>
  <testcase name="postRequestStressTest" time="0.079" classname="testcases.LoadAndPeformanceTests"/>
  <testcase name="postRequestStressTest" time="0.146" classname="testcases.LoadAndPeformanceTests"/>
  <testcase name="postRequestStressTest" time="0.143" classname="testcases.LoadAndPeformanceTests"/>
  <testcase name="postRequestStressTest" time="0.158" classname="testcases.LoadAndPeformanceTests"/>
  <testcase name="postRequestStressTest" time="0.123" classname="testcases.LoadAndPeformanceTests"/>
  <testcase name="postRequestStressTest" time="0.099" classname="testcases.LoadAndPeformanceTests"/>
  <testcase name="postRequestStressTest" time="0.118" classname="testcases.LoadAndPeformanceTests"/>
  <testcase name="postRequestStressTest" time="0.125" classname="testcases.LoadAndPeformanceTests"/>
  <testcase name="postRequestStressTest" time="0.118" classname="testcases.LoadAndPeformanceTests"/>
  <testcase name="postRequestStressTest" time="0.227" classname="testcases.LoadAndPeformanceTests"/>
  <testcase name="postRequestStressTest" time="0.101" classname="testcases.LoadAndPeformanceTests"/>
  <testcase name="postRequestStressTest" time="0.166" classname="testcases.LoadAndPeformanceTests"/>
  <testcase name="postRequestStressTest" time="0.19" classname="testcases.LoadAndPeformanceTests"/>
  <testcase name="postRequestStressTest" time="0.279" classname="testcases.LoadAndPeformanceTests"/>
  <testcase name="postRequestStressTest" time="0.151" classname="testcases.LoadAndPeformanceTests"/>
  <testcase name="postRequestStressTest" time="0.18" classname="testcases.LoadAndPeformanceTests"/>
  <testcase name="postRequestStressTest" time="0.097" classname="testcases.LoadAndPeformanceTests"/>
  <testcase name="postRequestStressTest" time="0.183" classname="testcases.LoadAndPeformanceTests"/>
  <testcase name="postRequestStressTest" time="0.078" classname="testcases.LoadAndPeformanceTests"/>
  <testcase name="postRequestStressTest" time="0.287" classname="testcases.LoadAndPeformanceTests"/>
  <testcase name="postRequestStressTest" time="0.233" classname="testcases.LoadAndPeformanceTests"/>
  <testcase name="postRequestStressTest" time="0.182" classname="testcases.LoadAndPeformanceTests"/>
  <testcase name="postRequestStressTest" time="0.254" classname="testcases.LoadAndPeformanceTests"/>
  <testcase name="postRequestStressTest" time="0.133" classname="testcases.LoadAndPeformanceTests"/>
  <testcase name="postRequestStressTest" time="0.286" classname="testcases.LoadAndPeformanceTests"/>
  <testcase name="postRequestStressTest" time="0.151" classname="testcases.LoadAndPeformanceTests"/>
  <testcase name="postRequestStressTest" time="0.424" classname="testcases.LoadAndPeformanceTests"/>
  <testcase name="postRequestStressTest" time="0.357" classname="testcases.LoadAndPeformanceTests"/>
  <testcase name="postRequestStressTest" time="0.165" classname="testcases.LoadAndPeformanceTests"/>
  <testcase name="postRequestStressTest" time="0.35" classname="testcases.LoadAndPeformanceTests"/>
  <testcase name="postRequestStressTest" time="0.372" classname="testcases.LoadAndPeformanceTests"/>
  <testcase name="postRequestStressTest" time="0.247" classname="testcases.LoadAndPeformanceTests"/>
  <testcase name="postRequestStressTest" time="0.391" classname="testcases.LoadAndPeformanceTests"/>
  <testcase name="postRequestStressTest" time="0.079" classname="testcases.LoadAndPeformanceTests"/>
  <testcase name="postRequestStressTest" time="0.18" classname="testcases.LoadAndPeformanceTests"/>
  <testcase name="postRequestStressTest" time="0.166" classname="testcases.LoadAndPeformanceTests"/>
  <testcase name="postRequestStressTest" time="0.089" classname="testcases.LoadAndPeformanceTests"/>
  <testcase name="postRequestStressTest" time="0.031" classname="testcases.LoadAndPeformanceTests"/>
  <testcase name="postRequestStressTest" time="0.129" classname="testcases.LoadAndPeformanceTests"/>
  <testcase name="postRequestStressTest" time="0.15" classname="testcases.LoadAndPeformanceTests"/>
  <testcase name="postRequestStressTest" time="0.141" classname="testcases.LoadAndPeformanceTests"/>
  <testcase name="postRequestStressTest" time="0.243" classname="testcases.LoadAndPeformanceTests"/>
  <testcase name="postRequestStressTest" time="0.117" classname="testcases.LoadAndPeformanceTests"/>
  <testcase name="postRequestStressTest" time="0.164" classname="testcases.LoadAndPeformanceTests"/>
  <testcase name="postRequestStressTest" time="0.226" classname="testcases.LoadAndPeformanceTests"/>
  <testcase name="postRequestStressTest" time="0.036" classname="testcases.LoadAndPeformanceTests"/>
  <testcase name="postRequestStressTest" time="0.166" classname="testcases.LoadAndPeformanceTests"/>
  <testcase name="postRequestStressTest" time="0.255" classname="testcases.LoadAndPeformanceTests"/>
  <testcase name="postRequestStressTest" time="0.254" classname="testcases.LoadAndPeformanceTests"/>
  <testcase name="postRequestStressTest" time="0.271" classname="testcases.LoadAndPeformanceTests"/>
  <testcase name="postRequestStressTest" time="0.27" classname="testcases.LoadAndPeformanceTests"/>
  <testcase name="postRequestStressTest" time="0.294" classname="testcases.LoadAndPeformanceTests"/>
  <testcase name="postRequestStressTest" time="0.269" classname="testcases.LoadAndPeformanceTests"/>
  <testcase name="postRequestStressTest" time="0.315" classname="testcases.LoadAndPeformanceTests"/>
  <testcase name="postRequestStressTest" time="0.068" classname="testcases.LoadAndPeformanceTests"/>
  <testcase name="postRequestStressTest" time="0.365" classname="testcases.LoadAndPeformanceTests"/>
  <testcase name="postRequestStressTest" time="0.072" classname="testcases.LoadAndPeformanceTests"/>
  <testcase name="postRequestStressTest" time="0.224" classname="testcases.LoadAndPeformanceTests"/>
  <testcase name="postRequestStressTest" time="0.391" classname="testcases.LoadAndPeformanceTests"/>
  <testcase name="postRequestStressTest" time="0.18" classname="testcases.LoadAndPeformanceTests"/>
  <testcase name="postRequestStressTest" time="0.133" classname="testcases.LoadAndPeformanceTests"/>
  <testcase name="postRequestStressTest" time="0.186" classname="testcases.LoadAndPeformanceTests"/>
  <testcase name="postRequestStressTest" time="0.19" classname="testcases.LoadAndPeformanceTests"/>
  <testcase name="postRequestStressTest" time="0.229" classname="testcases.LoadAndPeformanceTests"/>
  <testcase name="postRequestStressTest" time="0.165" classname="testcases.LoadAndPeformanceTests"/>
  <testcase name="postRequestStressTest" time="0.148" classname="testcases.LoadAndPeformanceTests"/>
  <testcase name="postRequestStressTest" time="0.165" classname="testcases.LoadAndPeformanceTests"/>
  <testcase name="postRequestStressTest" time="0.23" classname="testcases.LoadAndPeformanceTests"/>
  <testcase name="postRequestStressTest" time="0.152" classname="testcases.LoadAndPeformanceTests"/>
  <testcase name="postRequestStressTest" time="0.147" classname="testcases.LoadAndPeformanceTests"/>
  <testcase name="postRequestStressTest" time="0.121" classname="testcases.LoadAndPeformanceTests"/>
  <testcase name="postRequestStressTest" time="0.215" classname="testcases.LoadAndPeformanceTests"/>
  <testcase name="postRequestStressTest" time="0.204" classname="testcases.LoadAndPeformanceTests"/>
  <testcase name="postRequestStressTest" time="0.097" classname="testcases.LoadAndPeformanceTests"/>
  <testcase name="postRequestStressTest" time="0.172" classname="testcases.LoadAndPeformanceTests"/>
  <testcase name="postRequestStressTest" time="0.182" classname="testcases.LoadAndPeformanceTests"/>
  <testcase name="postRequestStressTest" time="0.16" classname="testcases.LoadAndPeformanceTests"/>
  <testcase name="postRequestStressTest" time="0.138" classname="testcases.LoadAndPeformanceTests"/>
  <testcase name="postRequestStressTest" time="0.073" classname="testcases.LoadAndPeformanceTests"/>
  <testcase name="postRequestStressTest" time="0.164" classname="testcases.LoadAndPeformanceTests"/>
  <testcase name="postRequestStressTest" time="0.135" classname="testcases.LoadAndPeformanceTests"/>
  <testcase name="postRequestStressTest" time="0.162" classname="testcases.LoadAndPeformanceTests"/>
  <testcase name="postRequestStressTest" time="0.119" classname="testcases.LoadAndPeformanceTests"/>
  <testcase name="postRequestStressTest" time="0.211" classname="testcases.LoadAndPeformanceTests"/>
  <testcase name="postRequestStressTest" time="0.154" classname="testcases.LoadAndPeformanceTests"/>
  <testcase name="postRequestStressTest" time="0.127" classname="testcases.LoadAndPeformanceTests"/>
  <testcase name="postRequestStressTest" time="0.135" classname="testcases.LoadAndPeformanceTests"/>
  <testcase name="postRequestStressTest" time="0.136" classname="testcases.LoadAndPeformanceTests"/>
  <testcase name="postRequestStressTest" time="0.093" classname="testcases.LoadAndPeformanceTests"/>
  <testcase name="postRequestStressTest" time="0.117" classname="testcases.LoadAndPeformanceTests"/>
  <testcase name="postRequestStressTest" time="0.112" classname="testcases.LoadAndPeformanceTests"/>
  <testcase name="postRequestStressTest" time="0.124" classname="testcases.LoadAndPeformanceTests"/>
  <testcase name="postRequestStressTest" time="0.051" classname="testcases.LoadAndPeformanceTests"/>
  <testcase name="postRequestStressTest" time="0.167" classname="testcases.LoadAndPeformanceTests"/>
  <testcase name="postRequestStressTest" time="0.066" classname="testcases.LoadAndPeformanceTests"/>
  <testcase name="postRequestStressTest" time="0.069" classname="testcases.LoadAndPeformanceTests"/>
  <testcase name="postRequestStressTest" time="0.058" classname="testcases.LoadAndPeformanceTests"/>
  <testcase name="postRequestStressTest" time="0.046" classname="testcases.LoadAndPeformanceTests"/>
  <testcase name="postRequestStressTest" time="0.071" classname="testcases.LoadAndPeformanceTests"/>
  <testcase name="postRequestStressTest" time="0.045" classname="testcases.LoadAndPeformanceTests"/>
  <testcase name="postRequestStressTest" time="0.11" classname="testcases.LoadAndPeformanceTests"/>
  <testcase name="postRequestStressTest" time="0.061" classname="testcases.LoadAndPeformanceTests"/>
  <testcase name="postRequestStressTest" time="0.146" classname="testcases.LoadAndPeformanceTests"/>
  <testcase name="postRequestStressTest" time="0.128" classname="testcases.LoadAndPeformanceTests"/>
  <testcase name="postRequestStressTest" time="0.117" classname="testcases.LoadAndPeformanceTests"/>
  <testcase name="postRequestStressTest" time="0.099" classname="testcases.LoadAndPeformanceTests"/>
  <testcase name="postRequestStressTest" time="0.042" classname="testcases.LoadAndPeformanceTests"/>
  <testcase name="postRequestStressTest" time="0.054" classname="testcases.LoadAndPeformanceTests"/>
  <testcase name="postRequestStressTest" time="0.075" classname="testcases.LoadAndPeformanceTests"/>
  <testcase name="postRequestStressTest" time="0.074" classname="testcases.LoadAndPeformanceTests"/>
  <testcase name="postRequestStressTest" time="0.072" classname="testcases.LoadAndPeformanceTests"/>
  <testcase name="postRequestStressTest" time="0.093" classname="testcases.LoadAndPeformanceTests"/>
  <testcase name="postRequestStressTest" time="0.081" classname="testcases.LoadAndPeformanceTests"/>
  <testcase name="postRequestStressTest" time="0.081" classname="testcases.LoadAndPeformanceTests"/>
  <testcase name="postRequestStressTest" time="0.055" classname="testcases.LoadAndPeformanceTests"/>
  <testcase name="postRequestStressTest" time="0.142" classname="testcases.LoadAndPeformanceTests"/>
  <testcase name="postRequestStressTest" time="0.064" classname="testcases.LoadAndPeformanceTests"/>
  <testcase name="postRequestStressTest" time="0.085" classname="testcases.LoadAndPeformanceTests"/>
  <testcase name="postRequestStressTest" time="0.085" classname="testcases.LoadAndPeformanceTests"/>
  <testcase name="postRequestStressTest" time="0.084" classname="testcases.LoadAndPeformanceTests"/>
  <testcase name="postRequestStressTest" time="0.068" classname="testcases.LoadAndPeformanceTests"/>
  <testcase name="postRequestStressTest" time="0.068" classname="testcases.LoadAndPeformanceTests"/>
  <testcase name="postRequestStressTest" time="0.094" classname="testcases.LoadAndPeformanceTests"/>
  <testcase name="postRequestStressTest" time="0.124" classname="testcases.LoadAndPeformanceTests"/>
  <testcase name="postRequestStressTest" time="0.075" classname="testcases.LoadAndPeformanceTests"/>
  <testcase name="postRequestStressTest" time="0.075" classname="testcases.LoadAndPeformanceTests"/>
  <testcase name="postRequestStressTest" time="0.062" classname="testcases.LoadAndPeformanceTests"/>
  <testcase name="postRequestStressTest" time="0.076" classname="testcases.LoadAndPeformanceTests"/>
  <testcase name="postRequestStressTest" time="0.039" classname="testcases.LoadAndPeformanceTests"/>
  <testcase name="postRequestStressTest" time="0.068" classname="testcases.LoadAndPeformanceTests"/>
  <testcase name="postRequestStressTest" time="0.095" classname="testcases.LoadAndPeformanceTests"/>
  <testcase name="postRequestStressTest" time="0.151" classname="testcases.LoadAndPeformanceTests"/>
  <testcase name="postRequestStressTest" time="0.122" classname="testcases.LoadAndPeformanceTests"/>
  <testcase name="postRequestStressTest" time="0.146" classname="testcases.LoadAndPeformanceTests"/>
  <testcase name="postRequestStressTest" time="0.138" classname="testcases.LoadAndPeformanceTests"/>
  <testcase name="postRequestStressTest" time="0.167" classname="testcases.LoadAndPeformanceTests"/>
  <testcase name="postRequestStressTest" time="0.126" classname="testcases.LoadAndPeformanceTests"/>
  <testcase name="postRequestStressTest" time="0.153" classname="testcases.LoadAndPeformanceTests"/>
  <testcase name="postRequestStressTest" time="0.172" classname="testcases.LoadAndPeformanceTests"/>
  <testcase name="postRequestStressTest" time="0.167" classname="testcases.LoadAndPeformanceTests"/>
  <testcase name="postRequestStressTest" time="0.124" classname="testcases.LoadAndPeformanceTests"/>
  <testcase name="postRequestStressTest" time="0.087" classname="testcases.LoadAndPeformanceTests"/>
  <testcase name="postRequestStressTest" time="0.218" classname="testcases.LoadAndPeformanceTests"/>
  <testcase name="postRequestStressTest" time="0.042" classname="testcases.LoadAndPeformanceTests"/>
  <testcase name="postRequestStressTest" time="0.042" classname="testcases.LoadAndPeformanceTests"/>
  <testcase name="postRequestStressTest" time="0.155" classname="testcases.LoadAndPeformanceTests"/>
  <testcase name="postRequestStressTest" time="0.056" classname="testcases.LoadAndPeformanceTests"/>
  <testcase name="postRequestStressTest" time="0.063" classname="testcases.LoadAndPeformanceTests"/>
  <testcase name="postRequestStressTest" time="0.056" classname="testcases.LoadAndPeformanceTests"/>
  <testcase name="postRequestStressTest" time="0.137" classname="testcases.LoadAndPeformanceTests"/>
  <testcase name="postRequestStressTest" time="0.04" classname="testcases.LoadAndPeformanceTests"/>
  <testcase name="postRequestStressTest" time="0.072" classname="testcases.LoadAndPeformanceTests"/>
  <testcase name="postRequestStressTest" time="0.068" classname="testcases.LoadAndPeformanceTests"/>
  <testcase name="postRequestStressTest" time="0.086" classname="testcases.LoadAndPeformanceTests"/>
  <testcase name="postRequestStressTest" time="0.076" classname="testcases.LoadAndPeformanceTests"/>
  <testcase name="postRequestStressTest" time="0.075" classname="testcases.LoadAndPeformanceTests"/>
  <testcase name="postRequestStressTest" time="0.087" classname="testcases.LoadAndPeformanceTests"/>
  <testcase name="postRequestStressTest" time="0.055" classname="testcases.LoadAndPeformanceTests"/>
  <testcase name="postRequestStressTest" time="0.044" classname="testcases.LoadAndPeformanceTests"/>
  <testcase name="postRequestStressTest" time="0.075" classname="testcases.LoadAndPeformanceTests"/>
  <testcase name="postRequestStressTest" time="0.085" classname="testcases.LoadAndPeformanceTests"/>
  <testcase name="postRequestStressTest" time="0.082" classname="testcases.LoadAndPeformanceTests"/>
  <testcase name="postRequestStressTest" time="0.082" classname="testcases.LoadAndPeformanceTests"/>
  <testcase name="postRequestStressTest" time="0.042" classname="testcases.LoadAndPeformanceTests"/>
  <testcase name="postRequestStressTest" time="0.039" classname="testcases.LoadAndPeformanceTests"/>
  <testcase name="postRequestStressTest" time="0.039" classname="testcases.LoadAndPeformanceTests"/>
  <testcase name="postRequestStressTest" time="0.03" classname="testcases.LoadAndPeformanceTests"/>
  <testcase name="postRequestStressTest" time="0.036" classname="testcases.LoadAndPeformanceTests"/>
  <testcase name="postRequestStressTest" time="0.074" classname="testcases.LoadAndPeformanceTests"/>
  <testcase name="postRequestStressTest" time="0.036" classname="testcases.LoadAndPeformanceTests"/>
  <testcase name="postRequestStressTest" time="0.056" classname="testcases.LoadAndPeformanceTests"/>
  <testcase name="postRequestStressTest" time="0.043" classname="testcases.LoadAndPeformanceTests"/>
  <testcase name="postRequestStressTest" time="0.072" classname="testcases.LoadAndPeformanceTests"/>
  <testcase name="postRequestStressTest" time="0.081" classname="testcases.LoadAndPeformanceTests"/>
  <testcase name="postRequestStressTest" time="0.087" classname="testcases.LoadAndPeformanceTests"/>
  <testcase name="postRequestStressTest" time="0.068" classname="testcases.LoadAndPeformanceTests"/>
  <testcase name="postRequestStressTest" time="0.079" classname="testcases.LoadAndPeformanceTests"/>
  <testcase name="postRequestStressTest" time="0.067" classname="testcases.LoadAndPeformanceTests"/>
  <testcase name="postRequestStressTest" time="0.089" classname="testcases.LoadAndPeformanceTests"/>
  <testcase name="postRequestStressTest" time="0.053" classname="testcases.LoadAndPeformanceTests"/>
  <testcase name="postRequestStressTest" time="0.092" classname="testcases.LoadAndPeformanceTests"/>
  <testcase name="postRequestStressTest" time="0.046" classname="testcases.LoadAndPeformanceTests"/>
  <testcase name="postRequestStressTest" time="0.061" classname="testcases.LoadAndPeformanceTests"/>
  <testcase name="postRequestStressTest" time="0.049" classname="testcases.LoadAndPeformanceTests"/>
  <testcase name="postRequestStressTest" time="0.039" classname="testcases.LoadAndPeformanceTests"/>
  <testcase name="postRequestStressTest" time="0.056" classname="testcases.LoadAndPeformanceTests"/>
  <testcase name="postRequestStressTest" time="0.111" classname="testcases.LoadAndPeformanceTests"/>
  <testcase name="postRequestStressTest" time="0.055" classname="testcases.LoadAndPeformanceTests"/>
  <testcase name="postRequestStressTest" time="0.048" classname="testcases.LoadAndPeformanceTests"/>
  <testcase name="postRequestStressTest" time="0.049" classname="testcases.LoadAndPeformanceTests"/>
  <testcase name="postRequestStressTest" time="0.035" classname="testcases.LoadAndPeformanceTests"/>
  <testcase name="postRequestStressTest" time="0.043" classname="testcases.LoadAndPeformanceTests"/>
  <testcase name="postRequestStressTest" time="0.093" classname="testcases.LoadAndPeformanceTests"/>
  <testcase name="postRequestStressTest" time="0.035" classname="testcases.LoadAndPeformanceTests"/>
  <testcase name="postRequestStressTest" time="0.058" classname="testcases.LoadAndPeformanceTests"/>
  <testcase name="postRequestStressTest" time="0.046" classname="testcases.LoadAndPeformanceTests"/>
  <testcase name="postRequestStressTest" time="0.055" classname="testcases.LoadAndPeformanceTests"/>
  <testcase name="postRequestStressTest" time="0.133" classname="testcases.LoadAndPeformanceTests"/>
  <testcase name="postRequestStressTest" time="0.143" classname="testcases.LoadAndPeformanceTests"/>
  <testcase name="postRequestStressTest" time="0.104" classname="testcases.LoadAndPeformanceTests"/>
  <testcase name="postRequestStressTest" time="0.11" classname="testcases.LoadAndPeformanceTests"/>
  <testcase name="postRequestStressTest" time="0.115" classname="testcases.LoadAndPeformanceTests"/>
  <testcase name="postRequestStressTest" time="0.134" classname="testcases.LoadAndPeformanceTests"/>
  <testcase name="postRequestStressTest" time="0.136" classname="testcases.LoadAndPeformanceTests"/>
  <testcase name="postRequestStressTest" time="0.122" classname="testcases.LoadAndPeformanceTests"/>
[...]
  <testcase name="postRequestStressTest" time="0.026" classname="testcases.LoadAndPeformanceTests"/>
  <testcase name="postRequestStressTest" time="0.054" classname="testcases.LoadAndPeformanceTests"/>
  <testcase name="postRequestStressTest" time="0.028" classname="testcases.LoadAndPeformanceTests"/>
  <testcase name="postRequestStressTest" time="0.022" classname="testcases.LoadAndPeformanceTests"/>
  <testcase name="postRequestStressTest" time="0.022" classname="testcases.LoadAndPeformanceTests"/>
  <testcase name="postRequestStressTest" time="0.025" classname="testcases.LoadAndPeformanceTests"/>
  <testcase name="postRequestStressTest" time="0.029" classname="testcases.LoadAndPeformanceTests"/>
  <testcase name="postRequestStressTest" time="0.032" classname="testcases.LoadAndPeformanceTests"/>
  <testcase name="postRequestStressTest" time="0.041" classname="testcases.LoadAndPeformanceTests"/>
  <testcase name="postRequestStressTest" time="0.052" classname="testcases.LoadAndPeformanceTests"/>
  <testcase name="postRequestStressTest" time="0.07" classname="testcases.LoadAndPeformanceTests"/>
  <testcase name="postRequestStressTest" time="0.083" classname="testcases.LoadAndPeformanceTests"/>
  <testcase name="postRequestStressTest" time="0.075" classname="testcases.LoadAndPeformanceTests"/>
  <testcase name="postRequestStressTest" time="0.054" classname="testcases.LoadAndPeformanceTests"/>
  <testcase name="postRequestStressTest" time="0.036" classname="testcases.LoadAndPeformanceTests"/>
  <testcase name="postRequestStressTest" time="0.025" classname="testcases.LoadAndPeformanceTests"/>
  <testcase name="postRequestStressTest" time="0.039" classname="testcases.LoadAndPeformanceTests"/>
  <testcase name="postRequestStressTest" time="0.055" classname="testcases.LoadAndPeformanceTests"/>
  <testcase name="postRequestStressTest" time="0.043" classname="testcases.LoadAndPeformanceTests"/>
  <testcase name="postRequestStressTest" time="0.032" classname="testcases.LoadAndPeformanceTests"/>
  <testcase name="postRequestStressTest" time="0.105" classname="testcases.LoadAndPeformanceTests"/>
  <testcase name="postRequestStressTest" time="0.037" classname="testcases.LoadAndPeformanceTests"/>
  <testcase name="postRequestStressTest" time="0.081" classname="testcases.LoadAndPeformanceTests"/>
  <testcase name="postRequestStressTest" time="0.105" classname="testcases.LoadAndPeformanceTests"/>
  <testcase name="postRequestStressTest" time="0.113" classname="testcases.LoadAndPeformanceTests"/>
  <testcase name="postRequestStressTest" time="0.043" classname="testcases.LoadAndPeformanceTests"/>
  <testcase name="postRequestStressTest" time="0.038" classname="testcases.LoadAndPeformanceTests"/>
  <testcase name="postRequestStressTest" time="0.042" classname="testcases.LoadAndPeformanceTests"/>
  <testcase name="postRequestStressTest" time="0.045" classname="testcases.LoadAndPeformanceTests"/>
  <testcase name="postRequestStressTest" time="0.072" classname="testcases.LoadAndPeformanceTests"/>
  <testcase name="postRequestStressTest" time="0.053" classname="testcases.LoadAndPeformanceTests"/>
  <testcase name="postRequestStressTest" time="0.065" classname="testcases.LoadAndPeformanceTests"/>
  <testcase name="postRequestStressTest" time="0.066" classname="testcases.LoadAndPeformanceTests"/>
  <testcase name="postRequestStressTest" time="0.073" classname="testcases.LoadAndPeformanceTests"/>
  <testcase name="postRequestStressTest" time="0.016" classname="testcases.LoadAndPeformanceTests"/>
  <testcase name="postRequestStressTest" time="0.049" classname="testcases.LoadAndPeformanceTests"/>
  <testcase name="postRequestStressTest" time="0.043" classname="testcases.LoadAndPeformanceTests"/>
  <testcase name="postRequestStressTest" time="0.052" classname="testcases.LoadAndPeformanceTests"/>
  <testcase name="postRequestStressTest" time="0.052" classname="testcases.LoadAndPeformanceTests"/>
  <testcase name="postRequestStressTest" time="0.107" classname="testcases.LoadAndPeformanceTests"/>
  <testcase name="postRequestStressTest" time="0.082" classname="testcases.LoadAndPeformanceTests"/>
  <testcase name="postRequestStressTest" time="0.058" classname="testcases.LoadAndPeformanceTests"/>
  <testcase name="postRequestStressTest" time="0.099" classname="testcases.LoadAndPeformanceTests"/>
  <testcase name="postRequestStressTest" time="0.048" classname="testcases.LoadAndPeformanceTests"/>
  <testcase name="postRequestStressTest" time="0.048" classname="testcases.LoadAndPeformanceTests"/>
  <testcase name="postRequestStressTest" time="0.067" classname="testcases.LoadAndPeformanceTests"/>
  <testcase name="postRequestStressTest" time="0.049" classname="testcases.LoadAndPeformanceTests"/>
  <testcase name="postRequestStressTest" time="0.221" classname="testcases.LoadAndPeformanceTests"/>
  <testcase name="postRequestStressTest" time="0.152" classname="testcases.LoadAndPeformanceTests"/>
  <testcase name="postRequestStressTest" time="0.201" classname="testcases.LoadAndPeformanceTests"/>
  <testcase name="postRequestStressTest" time="0.187" classname="testcases.LoadAndPeformanceTests"/>
  <testcase name="postRequestStressTest" time="0.17" classname="testcases.LoadAndPeformanceTests"/>
  <testcase name="postRequestStressTest" time="0.187" classname="testcases.LoadAndPeformanceTests"/>
  <testcase name="postRequestStressTest" time="0.236" classname="testcases.LoadAndPeformanceTests"/>
  <testcase name="postRequestStressTest" time="0.179" classname="testcases.LoadAndPeformanceTests"/>
  <testcase name="postRequestStressTest" time="0.242" classname="testcases.LoadAndPeformanceTests"/>
  <testcase name="postRequestStressTest" time="0.109" classname="testcases.LoadAndPeformanceTests"/>
  <testcase name="postRequestStressTest" time="0.28" classname="testcases.LoadAndPeformanceTests"/>
  <testcase name="postRequestStressTest" time="0.128" classname="testcases.LoadAndPeformanceTests"/>
  <testcase name="postRequestStressTest" time="0.115" classname="testcases.LoadAndPeformanceTests"/>
  <testcase name="postRequestStressTest" time="0.097" classname="testcases.LoadAndPeformanceTests"/>
  <testcase name="postRequestStressTest" time="0.118" classname="testcases.LoadAndPeformanceTests"/>
  <testcase name="postRequestStressTest" time="0.135" classname="testcases.LoadAndPeformanceTests"/>
  <testcase name="postRequestStressTest" time="0.117" classname="testcases.LoadAndPeformanceTests"/>
  <testcase name="postRequestStressTest" time="0.043" classname="testcases.LoadAndPeformanceTests"/>
  <testcase name="postRequestStressTest" time="0.171" classname="testcases.LoadAndPeformanceTests"/>
  <testcase name="postRequestStressTest" time="0.098" classname="testcases.LoadAndPeformanceTests"/>
  <testcase name="postRequestStressTest" time="0.101" classname="testcases.LoadAndPeformanceTests"/>
  <testcase name="postRequestStressTest" time="0.087" classname="testcases.LoadAndPeformanceTests"/>
  <testcase name="postRequestStressTest" time="0.081" classname="testcases.LoadAndPeformanceTests"/>
  <testcase name="postRequestStressTest" time="0.103" classname="testcases.LoadAndPeformanceTests"/>
  <testcase name="postRequestStressTest" time="0.115" classname="testcases.LoadAndPeformanceTests"/>
  <testcase name="postRequestStressTest" time="0.079" classname="testcases.LoadAndPeformanceTests"/>
  <testcase name="postRequestStressTest" time="0.202" classname="testcases.LoadAndPeformanceTests"/>
  <testcase name="postRequestStressTest" time="0.182" classname="testcases.LoadAndPeformanceTests"/>
  <testcase name="postRequestStressTest" time="0.232" classname="testcases.LoadAndPeformanceTests"/>
  <testcase name="postRequestStressTest" time="0.126" classname="testcases.LoadAndPeformanceTests"/>
  <testcase name="postRequestStressTest" time="0.145" classname="testcases.LoadAndPeformanceTests"/>
  <testcase name="postRequestStressTest" time="0.126" classname="testcases.LoadAndPeformanceTests"/>
  <testcase name="postRequestStressTest" time="0.133" classname="testcases.LoadAndPeformanceTests"/>
  <testcase name="postRequestStressTest" time="0.173" classname="testcases.LoadAndPeformanceTests"/>
  <testcase name="postRequestStressTest" time="0.139" classname="testcases.LoadAndPeformanceTests"/>
  <testcase name="postRequestStressTest" time="0.073" classname="testcases.LoadAndPeformanceTests"/>
  <testcase name="postRequestStressTest" time="0.084" classname="testcases.LoadAndPeformanceTests"/>
  <testcase name="postRequestStressTest" time="0.198" classname="testcases.LoadAndPeformanceTests"/>
  <testcase name="postRequestStressTest" time="0.081" classname="testcases.LoadAndPeformanceTests"/>
  <testcase name="postRequestStressTest" time="0.089" classname="testcases.LoadAndPeformanceTests"/>
  <testcase name="postRequestStressTest" time="0.09" classname="testcases.LoadAndPeformanceTests"/>
  <testcase name="postRequestStressTest" time="0.12" classname="testcases.LoadAndPeformanceTests"/>
  <testcase name="postRequestStressTest" time="0.078" classname="testcases.LoadAndPeformanceTests"/>
  <testcase name="postRequestStressTest" time="0.116" classname="testcases.LoadAndPeformanceTests"/>
  <testcase name="postRequestStressTest" time="0.137" classname="testcases.LoadAndPeformanceTests"/>
  <testcase name="postRequestStressTest" time="0.148" classname="testcases.LoadAndPeformanceTests"/>
  <testcase name="postRequestStressTest" time="0.159" classname="testcases.LoadAndPeformanceTests"/>
  <testcase name="postRequestStressTest" time="0.057" classname="testcases.LoadAndPeformanceTests"/>
  <testcase name="postRequestStressTest" time="0.14" classname="testcases.LoadAndPeformanceTests"/>
  <testcase name="postRequestStressTest" time="0.095" classname="testcases.LoadAndPeformanceTests"/>
  <testcase name="postRequestStressTest" time="0.125" classname="testcases.LoadAndPeformanceTests"/>
  <testcase name="postRequestStressTest" time="0.041" classname="testcases.LoadAndPeformanceTests"/>
  <testcase name="postRequestStressTest" time="0.143" classname="testcases.LoadAndPeformanceTests"/>
  <testcase name="postRequestStressTest" time="0.102" classname="testcases.LoadAndPeformanceTests"/>
  <testcase name="postRequestStressTest" time="0.04" classname="testcases.LoadAndPeformanceTests"/>
  <testcase name="postRequestStressTest" time="0.164" classname="testcases.LoadAndPeformanceTests"/>
  <testcase name="postRequestStressTest" time="0.048" classname="testcases.LoadAndPeformanceTests"/>
  <testcase name="postRequestStressTest" time="0.068" classname="testcases.LoadAndPeformanceTests"/>
  <testcase name="postRequestStressTest" time="0.059" classname="testcases.LoadAndPeformanceTests"/>
  <testcase name="postRequestStressTest" time="0.081" classname="testcases.LoadAndPeformanceTests"/>
  <testcase name="postRequestStressTest" time="0.067" classname="testcases.LoadAndPeformanceTests"/>
  <testcase name="postRequestStressTest" time="0.081" classname="testcases.LoadAndPeformanceTests"/>
  <testcase name="postRequestStressTest" time="0.066" classname="testcases.LoadAndPeformanceTests"/>
  <testcase name="postRequestStressTest" time="0.104" classname="testcases.LoadAndPeformanceTests"/>
  <testcase name="postRequestStressTest" time="0.103" classname="testcases.LoadAndPeformanceTests"/>
  <testcase name="postRequestStressTest" time="0.107" classname="testcases.LoadAndPeformanceTests"/>
  <testcase name="postRequestStressTest" time="0.084" classname="testcases.LoadAndPeformanceTests"/>
  <testcase name="postRequestStressTest" time="0.126" classname="testcases.LoadAndPeformanceTests"/>
  <testcase name="postRequestStressTest" time="0.181" classname="testcases.LoadAndPeformanceTests"/>
  <testcase name="postRequestStressTest" time="0.087" classname="testcases.LoadAndPeformanceTests"/>
  <testcase name="postRequestStressTest" time="0.025" classname="testcases.LoadAndPeformanceTests"/>
  <testcase name="postRequestStressTest" time="0.1" classname="testcases.LoadAndPeformanceTests"/>
  <testcase name="postRequestStressTest" time="0.1" classname="testcases.LoadAndPeformanceTests"/>
  <testcase name="postRequestStressTest" time="0.029" classname="testcases.LoadAndPeformanceTests"/>
  <testcase name="postRequestStressTest" time="0.114" classname="testcases.LoadAndPeformanceTests"/>
  <testcase name="postRequestStressTest" time="0.176" classname="testcases.LoadAndPeformanceTests"/>
  <testcase name="postRequestStressTest" time="0.076" classname="testcases.LoadAndPeformanceTests"/>
  <testcase name="postRequestStressTest" time="0.047" classname="testcases.LoadAndPeformanceTests"/>
  <testcase name="postRequestStressTest" time="0.047" classname="testcases.LoadAndPeformanceTests"/>
  <testcase name="postRequestStressTest" time="0.047" classname="testcases.LoadAndPeformanceTests"/>
  <testcase name="postRequestStressTest" time="0.033" classname="testcases.LoadAndPeformanceTests"/>
  <testcase name="postRequestStressTest" time="0.033" classname="testcases.LoadAndPeformanceTests"/>
  <testcase name="postRequestStressTest" time="0.142" classname="testcases.LoadAndPeformanceTests"/>
  <testcase name="postRequestStressTest" time="0.057" classname="testcases.LoadAndPeformanceTests"/>
  <testcase name="postRequestStressTest" time="0.056" classname="testcases.LoadAndPeformanceTests"/>
  <testcase name="postRequestStressTest" time="0.038" classname="testcases.LoadAndPeformanceTests"/>
  <testcase name="postRequestStressTest" time="0.032" classname="testcases.LoadAndPeformanceTests"/>
  <testcase name="postRequestStressTest" time="0.057" classname="testcases.LoadAndPeformanceTests"/>
  <testcase name="postRequestStressTest" time="0.046" classname="testcases.LoadAndPeformanceTests"/>
  <testcase name="postRequestStressTest" time="0.039" classname="testcases.LoadAndPeformanceTests"/>
  <testcase name="postRequestStressTest" time="0.127" classname="testcases.LoadAndPeformanceTests"/>
  <testcase name="postRequestStressTest" time="0.149" classname="testcases.LoadAndPeformanceTests"/>
  <testcase name="postRequestStressTest" time="0.183" classname="testcases.LoadAndPeformanceTests"/>
  <testcase name="postRequestStressTest" time="0.134" classname="testcases.LoadAndPeformanceTests"/>
  <testcase name="postRequestStressTest" time="0.134" classname="testcases.LoadAndPeformanceTests"/>
  <testcase name="postRequestStressTest" time="0.046" classname="testcases.LoadAndPeformanceTests"/>
  <testcase name="postRequestStressTest" time="0.175" classname="testcases.LoadAndPeformanceTests"/>
  <testcase name="postRequestStressTest" time="0.206" classname="testcases.LoadAndPeformanceTests"/>
  <testcase name="postRequestStressTest" time="0.193" classname="testcases.LoadAndPeformanceTests"/>
  <testcase name="postRequestStressTest" time="0.191" classname="testcases.LoadAndPeformanceTests"/>
  <testcase name="postRequestStressTest" time="0.081" classname="testcases.LoadAndPeformanceTests"/>
  <testcase name="postRequestStressTest" time="0.2" classname="testcases.LoadAndPeformanceTests"/>
  <testcase name="postRequestStressTest" time="0.074" classname="testcases.LoadAndPeformanceTests"/>
  <testcase name="postRequestStressTest" time="0.075" classname="testcases.LoadAndPeformanceTests"/>
  <testcase name="postRequestStressTest" time="0.064" classname="testcases.LoadAndPeformanceTests"/>
  <testcase name="postRequestStressTest" time="0.079" classname="testcases.LoadAndPeformanceTests"/>
  <testcase name="postRequestStressTest" time="0.064" classname="testcases.LoadAndPeformanceTests"/>
  <testcase name="postRequestStressTest" time="0.095" classname="testcases.LoadAndPeformanceTests"/>
  <testcase name="postRequestStressTest" time="0.055" classname="testcases.LoadAndPeformanceTests"/>
  <testcase name="postRequestStressTest" time="0.118" classname="testcases.LoadAndPeformanceTests"/>
  <testcase name="postRequestStressTest" time="0.073" classname="testcases.LoadAndPeformanceTests"/>
  <testcase name="postRequestStressTest" time="0.056" classname="testcases.LoadAndPeformanceTests"/>
  <testcase name="postRequestStressTest" time="0.083" classname="testcases.LoadAndPeformanceTests"/>
  <testcase name="postRequestStressTest" time="0.064" classname="testcases.LoadAndPeformanceTests"/>
  <testcase name="postRequestStressTest" time="0.042" classname="testcases.LoadAndPeformanceTests"/>
  <testcase name="postRequestStressTest" time="0.066" classname="testcases.LoadAndPeformanceTests"/>
  <testcase name="postRequestStressTest" time="0.051" classname="testcases.LoadAndPeformanceTests"/>
  <testcase name="postRequestStressTest" time="0.055" classname="testcases.LoadAndPeformanceTests"/>
  <testcase name="postRequestStressTest" time="0.076" classname="testcases.LoadAndPeformanceTests"/>
  <testcase name="postRequestStressTest" time="0.084" classname="testcases.LoadAndPeformanceTests"/>
  <testcase name="postRequestStressTest" time="0.099" classname="testcases.LoadAndPeformanceTests"/>
  <testcase name="postRequestStressTest" time="0.081" classname="testcases.LoadAndPeformanceTests"/>
  <testcase name="postRequestStressTest" time="0.05" classname="testcases.LoadAndPeformanceTests"/>
  <testcase name="postRequestStressTest" time="0.07" classname="testcases.LoadAndPeformanceTests"/>
  <testcase name="postRequestStressTest" time="0.089" classname="testcases.LoadAndPeformanceTests"/>
  <testcase name="postRequestStressTest" time="0.091" classname="testcases.LoadAndPeformanceTests"/>
  <testcase name="postRequestStressTest" time="0.034" classname="testcases.LoadAndPeformanceTests"/>
  <testcase name="postRequestStressTest" time="0.029" classname="testcases.LoadAndPeformanceTests"/>
  <testcase name="postRequestStressTest" time="0.073" classname="testcases.LoadAndPeformanceTests"/>
  <testcase name="postRequestStressTest" time="0.087" classname="testcases.LoadAndPeformanceTests"/>
  <testcase name="postRequestStressTest" time="0.064" classname="testcases.LoadAndPeformanceTests"/>
  <testcase name="postRequestStressTest" time="0.056" classname="testcases.LoadAndPeformanceTests"/>
  <testcase name="postRequestStressTest" time="0.106" classname="testcases.LoadAndPeformanceTests"/>
  <testcase name="postRequestStressTest" time="0.049" classname="testcases.LoadAndPeformanceTests"/>
  <testcase name="postRequestStressTest" time="0.09" classname="testcases.LoadAndPeformanceTests"/>
  <testcase name="postRequestStressTest" time="0.072" classname="testcases.LoadAndPeformanceTests"/>
  <testcase name="postRequestStressTest" time="0.034" classname="testcases.LoadAndPeformanceTests"/>
  <testcase name="postRequestStressTest" time="0.041" classname="testcases.LoadAndPeformanceTests"/>
  <testcase name="postRequestStressTest" time="0.052" classname="testcases.LoadAndPeformanceTests"/>
  <testcase name="postRequestStressTest" time="0.057" classname="testcases.LoadAndPeformanceTests"/>
  <testcase name="postRequestStressTest" time="0.091" classname="testcases.LoadAndPeformanceTests"/>
  <testcase name="postRequestStressTest" time="0.09" classname="testcases.LoadAndPeformanceTests"/>
  <testcase name="postRequestStressTest" time="0.104" classname="testcases.LoadAndPeformanceTests"/>
  <testcase name="postRequestStressTest" time="0.084" classname="testcases.LoadAndPeformanceTests"/>
  <testcase name="postRequestStressTest" time="0.052" classname="testcases.LoadAndPeformanceTests"/>
  <testcase name="postRequestStressTest" time="0.088" classname="testcases.LoadAndPeformanceTests"/>
  <testcase name="postRequestStressTest" time="0.059" classname="testcases.LoadAndPeformanceTests"/>
  <testcase name="postRequestStressTest" time="0.058" classname="testcases.LoadAndPeformanceTests"/>
  <testcase name="getAllGoalsAndVerifyIfAllTheGoalsFromThePOSTareLoaded" time="0.08" classname="testcases.LoadAndPeformanceTests"/>
  <testcase name="validateTheResponseTimeOfGetRequest" time="0.03" classname="testcases.LoadAndPeformanceTests"/>
</testsuite> <!-- Load and Performance Tests -->
