<?xml version="1.0" encoding="UTF-8"?>
<!-- Generated by org.testng.reporters.JUnitXMLReporter -->
<testsuite hostname="Brijiths-MBP.hsd1.ca.comcast.net" name="Payload Format and other tests" tests="23" failures="11" timestamp="22 Apr 2016 09:44:55 GMT" time="0.937" errors="0">
  <testcase name="sendGetRequestAndVerifyContentType" time="0.011" classname="testcases.HeadersAndContentTypeTests">
    <failure type="java.lang.IllegalArgumentException" message="path cannot be null">
      <![CDATA[java.lang.IllegalArgumentException: path cannot be null
	at org.codehaus.groovy.runtime.callsite.ConstructorSite$ConstructorSiteNoUnwrap.callConstructor(ConstructorSite.java:84)
	at org.codehaus.groovy.runtime.callsite.CallSiteArray.defaultCallConstructor(CallSiteArray.java:60)
	at org.codehaus.groovy.runtime.callsite.AbstractCallSite.callConstructor(AbstractCallSite.java:235)
	at org.codehaus.groovy.runtime.callsite.AbstractCallSite.callConstructor(AbstractCallSite.java:247)
	at com.jayway.restassured.internal.assertion.AssertParameter.notNull(AssertParameter.groovy:26)
	at com.jayway.restassured.internal.assertion.AssertParameter$notNull.callStatic(Unknown Source)
	at org.codehaus.groovy.runtime.callsite.CallSiteArray.defaultCallStatic(CallSiteArray.java:56)
	at com.jayway.restassured.internal.assertion.AssertParameter$notNull.callStatic(Unknown Source)
	at com.jayway.restassured.internal.RequestSpecificationImpl.applyPathParamsAndSendRequest(RequestSpecificationImpl.groovy:1547)
	at groovy.lang.MetaMethod.doMethodInvoke(MetaMethod.java:325)
	at groovy.lang.MetaClassImpl.invokeMethod(MetaClassImpl.java:1210)
	at groovy.lang.MetaClassImpl.invokeMethod(MetaClassImpl.java:1019)
	at groovy.lang.MetaClassImpl.invokeMethod(MetaClassImpl.java:810)
	at com.jayway.restassured.internal.RequestSpecificationImpl.invokeMethod(RequestSpecificationImpl.groovy)
	at org.codehaus.groovy.runtime.callsite.PogoInterceptableSite.call(PogoInterceptableSite.java:48)
	at org.codehaus.groovy.runtime.callsite.PogoInterceptableSite.callCurrent(PogoInterceptableSite.java:58)
	at org.codehaus.groovy.runtime.callsite.AbstractCallSite.callCurrent(AbstractCallSite.java:182)
	at com.jayway.restassured.internal.RequestSpecificationImpl.get(RequestSpecificationImpl.groovy:160)
	at com.jayway.restassured.internal.RequestSpecificationImpl.get(RequestSpecificationImpl.groovy)
	at groovy.lang.MetaMethod.doMethodInvoke(MetaMethod.java:325)
	at groovy.lang.MetaClassImpl.invokeMethod(MetaClassImpl.java:1210)
	at groovy.lang.MetaClassImpl.invokeMethod(MetaClassImpl.java:1019)
	at groovy.lang.MetaClassImpl.invokeMethod(MetaClassImpl.java:810)
	at com.jayway.restassured.internal.RequestSpecificationImpl.invokeMethod(RequestSpecificationImpl.groovy)
	at org.codehaus.groovy.runtime.callsite.PogoInterceptableSite.call(PogoInterceptableSite.java:48)
	at org.codehaus.groovy.runtime.callsite.CallSiteArray.defaultCall(CallSiteArray.java:48)
	at org.codehaus.groovy.runtime.callsite.AbstractCallSite.call(AbstractCallSite.java:113)
	at org.codehaus.groovy.runtime.callsite.AbstractCallSite.call(AbstractCallSite.java:133)
	at com.jayway.restassured.internal.ResponseSpecificationImpl.get(ResponseSpecificationImpl.groovy:289)
	at com.jayway.restassured.internal.ResponseSpecificationImpl.get(ResponseSpecificationImpl.groovy)
	at testcases.HeadersAndContentTypeTests.sendGetRequestAndVerifyContentType(HeadersAndContentTypeTests.java:46)
... Removed 39 stack frames]]>
    </failure>
  </testcase> <!-- sendGetRequestAndVerifyContentType -->
  <testcase name="sendGetRequestToNonExistingPath" time="0.022" classname="testcases.HeadersAndContentTypeTests"/>
  <testcase name="sendGetRequestToaWrongPath" time="0.002" classname="testcases.HeadersAndContentTypeTests">
    <failure type="java.lang.IllegalArgumentException" message="path cannot be null">
      <![CDATA[java.lang.IllegalArgumentException: path cannot be null
	at org.codehaus.groovy.runtime.callsite.ConstructorSite$ConstructorSiteNoUnwrap.callConstructor(ConstructorSite.java:84)
	at org.codehaus.groovy.runtime.callsite.AbstractCallSite.callConstructor(AbstractCallSite.java:247)
	at com.jayway.restassured.internal.assertion.AssertParameter.notNull(AssertParameter.groovy:26)
	at com.jayway.restassured.internal.assertion.AssertParameter$notNull.callStatic(Unknown Source)
	at org.codehaus.groovy.runtime.callsite.CallSiteArray.defaultCallStatic(CallSiteArray.java:56)
	at com.jayway.restassured.internal.assertion.AssertParameter$notNull.callStatic(Unknown Source)
	at com.jayway.restassured.internal.RequestSpecificationImpl.applyPathParamsAndSendRequest(RequestSpecificationImpl.groovy:1547)
	at groovy.lang.MetaMethod.doMethodInvoke(MetaMethod.java:325)
	at groovy.lang.MetaClassImpl.invokeMethod(MetaClassImpl.java:1210)
	at groovy.lang.MetaClassImpl.invokeMethod(MetaClassImpl.java:1019)
	at groovy.lang.MetaClassImpl.invokeMethod(MetaClassImpl.java:810)
	at com.jayway.restassured.internal.RequestSpecificationImpl.invokeMethod(RequestSpecificationImpl.groovy)
	at org.codehaus.groovy.runtime.callsite.PogoInterceptableSite.call(PogoInterceptableSite.java:48)
	at org.codehaus.groovy.runtime.callsite.PogoInterceptableSite.callCurrent(PogoInterceptableSite.java:58)
	at org.codehaus.groovy.runtime.callsite.AbstractCallSite.callCurrent(AbstractCallSite.java:182)
	at com.jayway.restassured.internal.RequestSpecificationImpl.get(RequestSpecificationImpl.groovy:160)
	at com.jayway.restassured.internal.RequestSpecificationImpl.get(RequestSpecificationImpl.groovy)
	at com.jayway.restassured.RestAssured.get(RestAssured.java:808)
	at testcases.HeadersAndContentTypeTests.sendGetRequestToaWrongPath(HeadersAndContentTypeTests.java:68)
... Removed 34 stack frames]]>
    </failure>
  </testcase> <!-- sendGetRequestToaWrongPath -->
  <testcase name="sendPostRequestToAWrongPath" time="0.003" classname="testcases.HeadersAndContentTypeTests">
    <failure type="java.lang.IllegalArgumentException" message="path cannot be null">
      <![CDATA[java.lang.IllegalArgumentException: path cannot be null
	at org.codehaus.groovy.runtime.callsite.ConstructorSite$ConstructorSiteNoUnwrap.callConstructor(ConstructorSite.java:84)
	at org.codehaus.groovy.runtime.callsite.AbstractCallSite.callConstructor(AbstractCallSite.java:247)
	at com.jayway.restassured.internal.assertion.AssertParameter.notNull(AssertParameter.groovy:26)
	at com.jayway.restassured.internal.assertion.AssertParameter$notNull.callStatic(Unknown Source)
	at com.jayway.restassured.internal.RequestSpecificationImpl.applyPathParamsAndSendRequest(RequestSpecificationImpl.groovy:1547)
	at groovy.lang.MetaMethod.doMethodInvoke(MetaMethod.java:325)
	at groovy.lang.MetaClassImpl.invokeMethod(MetaClassImpl.java:1210)
	at groovy.lang.MetaClassImpl.invokeMethod(MetaClassImpl.java:1019)
	at groovy.lang.MetaClassImpl.invokeMethod(MetaClassImpl.java:810)
	at com.jayway.restassured.internal.RequestSpecificationImpl.invokeMethod(RequestSpecificationImpl.groovy)
	at org.codehaus.groovy.runtime.callsite.PogoInterceptableSite.call(PogoInterceptableSite.java:48)
	at org.codehaus.groovy.runtime.callsite.PogoInterceptableSite.callCurrent(PogoInterceptableSite.java:58)
	at org.codehaus.groovy.runtime.callsite.AbstractCallSite.callCurrent(AbstractCallSite.java:182)
	at com.jayway.restassured.internal.RequestSpecificationImpl.post(RequestSpecificationImpl.groovy:164)
	at com.jayway.restassured.internal.RequestSpecificationImpl.post(RequestSpecificationImpl.groovy)
	at testcases.HeadersAndContentTypeTests.sendPostRequestToAWrongPath(HeadersAndContentTypeTests.java:59)
... Removed 34 stack frames]]>
    </failure>
  </testcase> <!-- sendPostRequestToAWrongPath -->
  <testcase name="sendPostRequestWithAHeader" time="0.046" classname="testcases.HeadersAndContentTypeTests"/>
  <testcase name="sendPostRequestWithInvalidContentType" time="0.003" classname="testcases.HeadersAndContentTypeTests">
    <failure type="java.lang.IllegalArgumentException" message="path cannot be null">
      <![CDATA[java.lang.IllegalArgumentException: path cannot be null
	at org.codehaus.groovy.runtime.callsite.ConstructorSite$ConstructorSiteNoUnwrap.callConstructor(ConstructorSite.java:84)
	at org.codehaus.groovy.runtime.callsite.AbstractCallSite.callConstructor(AbstractCallSite.java:247)
	at com.jayway.restassured.internal.assertion.AssertParameter.notNull(AssertParameter.groovy:26)
	at com.jayway.restassured.internal.assertion.AssertParameter$notNull.callStatic(Unknown Source)
	at org.codehaus.groovy.runtime.callsite.CallSiteArray.defaultCallStatic(CallSiteArray.java:56)
	at com.jayway.restassured.internal.assertion.AssertParameter$notNull.callStatic(Unknown Source)
	at com.jayway.restassured.internal.RequestSpecificationImpl.applyPathParamsAndSendRequest(RequestSpecificationImpl.groovy:1547)
	at groovy.lang.MetaMethod.doMethodInvoke(MetaMethod.java:325)
	at groovy.lang.MetaClassImpl.invokeMethod(MetaClassImpl.java:1210)
	at groovy.lang.MetaClassImpl.invokeMethod(MetaClassImpl.java:1019)
	at groovy.lang.MetaClassImpl.invokeMethod(MetaClassImpl.java:810)
	at com.jayway.restassured.internal.RequestSpecificationImpl.invokeMethod(RequestSpecificationImpl.groovy)
	at org.codehaus.groovy.runtime.callsite.PogoInterceptableSite.call(PogoInterceptableSite.java:48)
	at org.codehaus.groovy.runtime.callsite.PogoInterceptableSite.callCurrent(PogoInterceptableSite.java:58)
	at org.codehaus.groovy.runtime.callsite.AbstractCallSite.callCurrent(AbstractCallSite.java:182)
	at com.jayway.restassured.internal.RequestSpecificationImpl.post(RequestSpecificationImpl.groovy:164)
	at com.jayway.restassured.internal.RequestSpecificationImpl.post(RequestSpecificationImpl.groovy)
	at testcases.HeadersAndContentTypeTests.sendPostRequestWithInvalidContentType(HeadersAndContentTypeTests.java:36)
... Removed 34 stack frames]]>
    </failure>
  </testcase> <!-- sendPostRequestWithInvalidContentType -->
  <testcase name="addAGoalWithAInvalidFieldAndVerifyIfThePostRequestFailed" time="0.021" classname="testcases.PayloadFormatTesting"/>
  <testcase name="addAGoalWithDateContainingInvalidValue" time="0.056" classname="testcases.PayloadFormatTesting"/>
  <testcase name="addAGoalWithDuplicateFields" time="0.018" classname="testcases.PayloadFormatTesting">
    <failure type="java.lang.AssertionError" message="expected [400] but found [302]">
      <![CDATA[java.lang.AssertionError: expected [400] but found [302]
	at testcases.PayloadFormatTesting.addAGoalWithDuplicateFields(PayloadFormatTesting.java:266)
... Removed 30 stack frames]]>
    </failure>
  </testcase> <!-- addAGoalWithDuplicateFields -->
  <testcase name="addAGoalWithNameContainingAlphanumeric" time="0.018" classname="testcases.PayloadFormatTesting"/>
  <testcase name="addAGoalWithNameContainingEmptyValue" time="0.016" classname="testcases.PayloadFormatTesting"/>
  <testcase name="addAGoalWithNameContainingLongStringLength" time="0.26" classname="testcases.PayloadFormatTesting"/>
  <testcase name="addAGoalWithNameContainingNullvalues" time="0.024" classname="testcases.PayloadFormatTesting">
    <failure type="java.lang.AssertionError" message="expected [400] but found [302]">
      <![CDATA[java.lang.AssertionError: expected [400] but found [302]
	at testcases.PayloadFormatTesting.addAGoalWithNameContainingNullvalues(PayloadFormatTesting.java:66)
... Removed 30 stack frames]]>
    </failure>
  </testcase> <!-- addAGoalWithNameContainingNullvalues -->
  <testcase name="addAGoalWithNameContainingOnlyNumeric" time="0.021" classname="testcases.PayloadFormatTesting">
    <failure type="java.lang.AssertionError" message="expected [400] but found [302]">
      <![CDATA[java.lang.AssertionError: expected [400] but found [302]
	at testcases.PayloadFormatTesting.addAGoalWithNameContainingOnlyNumeric(PayloadFormatTesting.java:52)
... Removed 30 stack frames]]>
    </failure>
  </testcase> <!-- addAGoalWithNameContainingOnlyNumeric -->
  <testcase name="addAGoalWithNotesContainingEmptyValue" time="0.017" classname="testcases.PayloadFormatTesting"/>
  <testcase name="addAGoalWithNotesContainingIntegerValue" time="0.012" classname="testcases.PayloadFormatTesting">
    <failure type="java.lang.AssertionError" message="expected [400] but found [302]">
      <![CDATA[java.lang.AssertionError: expected [400] but found [302]
	at testcases.PayloadFormatTesting.addAGoalWithNotesContainingIntegerValue(PayloadFormatTesting.java:166)
... Removed 30 stack frames]]>
    </failure>
  </testcase> <!-- addAGoalWithNotesContainingIntegerValue -->
  <testcase name="addAGoalWithNotesContainingLongStringLength" time="0.217" classname="testcases.PayloadFormatTesting"/>
  <testcase name="addAGoalWithNotesContainingNullvalues" time="0.017" classname="testcases.PayloadFormatTesting">
    <failure type="java.lang.AssertionError" message="expected [400] but found [302]">
      <![CDATA[java.lang.AssertionError: expected [400] but found [302]
	at testcases.PayloadFormatTesting.addAGoalWithNotesContainingNullvalues(PayloadFormatTesting.java:181)
... Removed 30 stack frames]]>
    </failure>
  </testcase> <!-- addAGoalWithNotesContainingNullvalues -->
  <testcase name="addAGoalWithNullInputAndValidateTheDataLoad" time="0.018" classname="testcases.PayloadFormatTesting"/>
  <testcase name="addAGoalWithWegihtContainingDoubleValue" time="0.015" classname="testcases.PayloadFormatTesting">
    <failure type="java.lang.AssertionError" message="expected [400] but found [302]">
      <![CDATA[java.lang.AssertionError: expected [400] but found [302]
	at testcases.PayloadFormatTesting.addAGoalWithWegihtContainingDoubleValue(PayloadFormatTesting.java:138)
... Removed 30 stack frames]]>
    </failure>
  </testcase> <!-- addAGoalWithWegihtContainingDoubleValue -->
  <testcase name="addAGoalWithWegihtContainingStringValue" time="0.032" classname="testcases.PayloadFormatTesting"/>
  <testcase name="addAGoalWithWeightContainingNegativeValue" time="0.016" classname="testcases.PayloadFormatTesting"/>
  <testcase name="addMoreThanOneGoalinAPostRequest" time="0.013" classname="testcases.PayloadFormatTesting">
    <failure type="java.lang.AssertionError" message="expected [400] but found [302]">
      <![CDATA[java.lang.AssertionError: expected [400] but found [302]
	at testcases.PayloadFormatTesting.addMoreThanOneGoalinAPostRequest(PayloadFormatTesting.java:247)
... Removed 30 stack frames]]>
    </failure>
  </testcase> <!-- addMoreThanOneGoalinAPostRequest -->
</testsuite> <!-- Payload Format and other tests -->
