<?xml version="1.0" encoding="UTF-8"?>
<!-- Generated by org.testng.reporters.JUnitXMLReporter -->
<testsuite hostname="Brijiths-MBP.hsd1.ca.comcast.net" name="Functional tests" tests="10" failures="0" timestamp="21 Apr 2016 17:27:27 GMT" time="2.42" errors="0">
  <testcase name="addMultipleGoalsAndValidateTheDataLoad" time="1.914" classname="functionalTesting.HappyPathTests"/>
  <testcase name="addMultipleGoalsAndValidateTheDataLoad" time="1.916" classname="functionalTesting.HappyPathTests"/>
  <testcase name="addMultipleGoalsAndValidateTheDataLoad" time="1.916" classname="functionalTesting.HappyPathTests"/>
  <testcase name="addMultipleGoalsAndValidateTheDataLoad" time="1.918" classname="functionalTesting.HappyPathTests"/>
  <testcase name="addMultipleGoalsAndValidateTheDataLoad" time="1.916" classname="functionalTesting.HappyPathTests"/>
  <testcase name="addMultipleGoalsAndValidateTheDataLoad" time="0.11" classname="functionalTesting.HappyPathTests"/>
  <testcase name="addMultipleGoalsAndValidateTheDataLoad" time="0.131" classname="functionalTesting.HappyPathTests"/>
  <testcase name="addMultipleGoalsAndValidateTheDataLoad" time="0.155" classname="functionalTesting.HappyPathTests"/>
  <testcase name="addMultipleGoalsAndValidateTheDataLoad" time="0.156" classname="functionalTesting.HappyPathTests"/>
  <testcase name="addMultipleGoalsAndValidateTheDataLoad" time="0.175" classname="functionalTesting.HappyPathTests"/>
</testsuite> <!-- Functional tests -->
